[0.294s] DEBUG:colcon:Command line arguments: ['/usr/bin/colcon', 'build', '--symlink-install']
[0.295s] DEBUG:colcon:Parsed command line arguments: Namespace(log_base=None, log_level=None, verb_name='build', build_base='build', install_base='install', merge_install=False, symlink_install=True, test_result_base=None, continue_on_error=False, executor='parallel', parallel_workers=4, event_handlers=None, ignore_user_meta=False, metas=['./colcon.meta'], base_paths=['.'], packages_ignore=None, packages_ignore_regex=None, paths=None, packages_up_to=None, packages_up_to_regex=None, packages_above=None, packages_above_and_dependencies=None, packages_above_depth=None, packages_select_by_dep=None, packages_skip_by_dep=None, packages_skip_up_to=None, packages_select_build_failed=False, packages_skip_build_finished=False, packages_select_test_failures=False, packages_skip_test_passed=False, packages_select=None, packages_skip=None, packages_select_regex=None, packages_skip_regex=None, packages_start=None, packages_end=None, allow_overriding=[], cmake_args=None, cmake_target=None, cmake_target_skip_unavailable=False, cmake_clean_cache=False, cmake_clean_first=False, cmake_force_configure=False, ament_cmake_args=None, catkin_cmake_args=None, catkin_skip_building_tests=False, verb_parser=<colcon_defaults.argument_parser.defaults.DefaultArgumentsDecorator object at 0xffff9042caf0>, verb_extension=<colcon_core.verb.build.BuildVerb object at 0xffff9042c5e0>, main=<bound method BuildVerb.main of <colcon_core.verb.build.BuildVerb object at 0xffff9042c5e0>>)
[0.736s] Level 1:colcon.colcon_core.package_discovery:discover_packages(colcon_meta) check parameters
[0.737s] Level 1:colcon.colcon_core.package_discovery:discover_packages(recursive) check parameters
[0.737s] Level 1:colcon.colcon_core.package_discovery:discover_packages(ignore) check parameters
[0.737s] Level 1:colcon.colcon_core.package_discovery:discover_packages(path) check parameters
[0.737s] Level 1:colcon.colcon_core.package_discovery:discover_packages(colcon_meta) discover
[0.737s] Level 1:colcon.colcon_core.package_discovery:discover_packages(recursive) discover
[0.737s] INFO:colcon.colcon_core.package_discovery:Crawling recursively for packages in '/home/nvidia/Motor-Controller-CAN/ros2_ws'
[0.737s] Level 1:colcon.colcon_core.package_identification:_identify(.) by extensions ['ignore', 'ignore_ament_install']
[0.738s] Level 1:colcon.colcon_core.package_identification:_identify(.) by extension 'ignore'
[0.738s] Level 1:colcon.colcon_core.package_identification:_identify(.) by extension 'ignore_ament_install'
[0.738s] Level 1:colcon.colcon_core.package_identification:_identify(.) by extensions ['colcon_pkg']
[0.738s] Level 1:colcon.colcon_core.package_identification:_identify(.) by extension 'colcon_pkg'
[0.738s] Level 1:colcon.colcon_core.package_identification:_identify(.) by extensions ['colcon_meta']
[0.738s] Level 1:colcon.colcon_core.package_identification:_identify(.) by extension 'colcon_meta'
[0.738s] Level 1:colcon.colcon_core.package_identification:_identify(.) by extensions ['ros']
[0.739s] Level 1:colcon.colcon_core.package_identification:_identify(.) by extension 'ros'
[0.767s] Level 1:colcon.colcon_core.package_identification:_identify(.) by extensions ['cmake', 'python']
[0.767s] Level 1:colcon.colcon_core.package_identification:_identify(.) by extension 'cmake'
[0.767s] Level 1:colcon.colcon_core.package_identification:_identify(.) by extension 'python'
[0.768s] Level 1:colcon.colcon_core.package_identification:_identify(.) by extensions ['python_setup_py']
[0.768s] Level 1:colcon.colcon_core.package_identification:_identify(.) by extension 'python_setup_py'
[0.768s] Level 1:colcon.colcon_core.package_identification:_identify(build) by extensions ['ignore', 'ignore_ament_install']
[0.768s] Level 1:colcon.colcon_core.package_identification:_identify(build) by extension 'ignore'
[0.768s] Level 1:colcon.colcon_core.package_identification:_identify(build) ignored
[0.769s] Level 1:colcon.colcon_core.package_identification:_identify(install) by extensions ['ignore', 'ignore_ament_install']
[0.769s] Level 1:colcon.colcon_core.package_identification:_identify(install) by extension 'ignore'
[0.769s] Level 1:colcon.colcon_core.package_identification:_identify(install) ignored
[0.769s] Level 1:colcon.colcon_core.package_identification:_identify(log) by extensions ['ignore', 'ignore_ament_install']
[0.770s] Level 1:colcon.colcon_core.package_identification:_identify(log) by extension 'ignore'
[0.770s] Level 1:colcon.colcon_core.package_identification:_identify(log) ignored
[0.770s] Level 1:colcon.colcon_core.package_identification:_identify(src) by extensions ['ignore', 'ignore_ament_install']
[0.770s] Level 1:colcon.colcon_core.package_identification:_identify(src) by extension 'ignore'
[0.770s] Level 1:colcon.colcon_core.package_identification:_identify(src) by extension 'ignore_ament_install'
[0.770s] Level 1:colcon.colcon_core.package_identification:_identify(src) by extensions ['colcon_pkg']
[0.770s] Level 1:colcon.colcon_core.package_identification:_identify(src) by extension 'colcon_pkg'
[0.771s] Level 1:colcon.colcon_core.package_identification:_identify(src) by extensions ['colcon_meta']
[0.771s] Level 1:colcon.colcon_core.package_identification:_identify(src) by extension 'colcon_meta'
[0.771s] Level 1:colcon.colcon_core.package_identification:_identify(src) by extensions ['ros']
[0.771s] Level 1:colcon.colcon_core.package_identification:_identify(src) by extension 'ros'
[0.771s] Level 1:colcon.colcon_core.package_identification:_identify(src) by extensions ['cmake', 'python']
[0.771s] Level 1:colcon.colcon_core.package_identification:_identify(src) by extension 'cmake'
[0.771s] Level 1:colcon.colcon_core.package_identification:_identify(src) by extension 'python'
[0.771s] Level 1:colcon.colcon_core.package_identification:_identify(src) by extensions ['python_setup_py']
[0.771s] Level 1:colcon.colcon_core.package_identification:_identify(src) by extension 'python_setup_py'
[0.772s] Level 1:colcon.colcon_core.package_identification:_identify(src/can_test) by extensions ['ignore', 'ignore_ament_install']
[0.772s] Level 1:colcon.colcon_core.package_identification:_identify(src/can_test) by extension 'ignore'
[0.772s] Level 1:colcon.colcon_core.package_identification:_identify(src/can_test) by extension 'ignore_ament_install'
[0.772s] Level 1:colcon.colcon_core.package_identification:_identify(src/can_test) by extensions ['colcon_pkg']
[0.772s] Level 1:colcon.colcon_core.package_identification:_identify(src/can_test) by extension 'colcon_pkg'
[0.772s] Level 1:colcon.colcon_core.package_identification:_identify(src/can_test) by extensions ['colcon_meta']
[0.772s] Level 1:colcon.colcon_core.package_identification:_identify(src/can_test) by extension 'colcon_meta'
[0.772s] Level 1:colcon.colcon_core.package_identification:_identify(src/can_test) by extensions ['ros']
[0.773s] Level 1:colcon.colcon_core.package_identification:_identify(src/can_test) by extension 'ros'
[0.779s] DEBUG:colcon.colcon_core.package_identification:Package 'src/can_test' with type 'ros.ament_python' and name 'can_test'
[0.780s] Level 1:colcon.colcon_core.package_identification:_identify(src/custom_msgs) by extensions ['ignore', 'ignore_ament_install']
[0.780s] Level 1:colcon.colcon_core.package_identification:_identify(src/custom_msgs) by extension 'ignore'
[0.780s] Level 1:colcon.colcon_core.package_identification:_identify(src/custom_msgs) by extension 'ignore_ament_install'
[0.780s] Level 1:colcon.colcon_core.package_identification:_identify(src/custom_msgs) by extensions ['colcon_pkg']
[0.781s] Level 1:colcon.colcon_core.package_identification:_identify(src/custom_msgs) by extension 'colcon_pkg'
[0.781s] Level 1:colcon.colcon_core.package_identification:_identify(src/custom_msgs) by extensions ['colcon_meta']
[0.781s] Level 1:colcon.colcon_core.package_identification:_identify(src/custom_msgs) by extension 'colcon_meta'
[0.781s] Level 1:colcon.colcon_core.package_identification:_identify(src/custom_msgs) by extensions ['ros']
[0.781s] Level 1:colcon.colcon_core.package_identification:_identify(src/custom_msgs) by extension 'ros'
[0.783s] DEBUG:colcon.colcon_core.package_identification:Package 'src/custom_msgs' with type 'ros.ament_cmake' and name 'custom_msgs'
[0.783s] Level 1:colcon.colcon_core.package_discovery:discover_packages(recursive) using defaults
[0.783s] Level 1:colcon.colcon_core.package_discovery:discover_packages(ignore) discover
[0.783s] Level 1:colcon.colcon_core.package_discovery:discover_packages(ignore) using defaults
[0.783s] Level 1:colcon.colcon_core.package_discovery:discover_packages(path) discover
[0.783s] Level 1:colcon.colcon_core.package_discovery:discover_packages(path) using defaults
[0.836s] Level 1:colcon.colcon_core.package_discovery:discover_packages(prefix_path) check parameters
[0.836s] Level 1:colcon.colcon_core.package_discovery:discover_packages(prefix_path) discover
[0.842s] DEBUG:colcon.colcon_installed_package_information.package_discovery:Found 2 installed packages in /home/nvidia/Motor-Controller-CAN/ros2_ws/install
[0.848s] DEBUG:colcon.colcon_installed_package_information.package_discovery:Found 274 installed packages in /opt/ros/humble
[0.897s] Level 1:colcon.colcon_core.package_discovery:discover_packages(prefix_path) using defaults
[0.985s] Level 5:colcon.colcon_core.verb:set package 'can_test' build argument 'cmake_args' from command line to 'None'
[0.985s] Level 5:colcon.colcon_core.verb:set package 'can_test' build argument 'cmake_target' from command line to 'None'
[0.985s] Level 5:colcon.colcon_core.verb:set package 'can_test' build argument 'cmake_target_skip_unavailable' from command line to 'False'
[0.985s] Level 5:colcon.colcon_core.verb:set package 'can_test' build argument 'cmake_clean_cache' from command line to 'False'
[0.985s] Level 5:colcon.colcon_core.verb:set package 'can_test' build argument 'cmake_clean_first' from command line to 'False'
[0.985s] Level 5:colcon.colcon_core.verb:set package 'can_test' build argument 'cmake_force_configure' from command line to 'False'
[0.985s] Level 5:colcon.colcon_core.verb:set package 'can_test' build argument 'ament_cmake_args' from command line to 'None'
[0.985s] Level 5:colcon.colcon_core.verb:set package 'can_test' build argument 'catkin_cmake_args' from command line to 'None'
[0.985s] Level 5:colcon.colcon_core.verb:set package 'can_test' build argument 'catkin_skip_building_tests' from command line to 'False'
[0.986s] DEBUG:colcon.colcon_core.verb:Building package 'can_test' with the following arguments: {'ament_cmake_args': None, 'build_base': '/home/nvidia/Motor-Controller-CAN/ros2_ws/build/can_test', 'catkin_cmake_args': None, 'catkin_skip_building_tests': False, 'cmake_args': None, 'cmake_clean_cache': False, 'cmake_clean_first': False, 'cmake_force_configure': False, 'cmake_target': None, 'cmake_target_skip_unavailable': False, 'install_base': '/home/nvidia/Motor-Controller-CAN/ros2_ws/install/can_test', 'merge_install': False, 'path': '/home/nvidia/Motor-Controller-CAN/ros2_ws/src/can_test', 'symlink_install': True, 'test_result_base': None}
[0.986s] Level 5:colcon.colcon_core.verb:set package 'custom_msgs' build argument 'cmake_args' from command line to 'None'
[0.986s] Level 5:colcon.colcon_core.verb:set package 'custom_msgs' build argument 'cmake_target' from command line to 'None'
[0.986s] Level 5:colcon.colcon_core.verb:set package 'custom_msgs' build argument 'cmake_target_skip_unavailable' from command line to 'False'
[0.986s] Level 5:colcon.colcon_core.verb:set package 'custom_msgs' build argument 'cmake_clean_cache' from command line to 'False'
[0.987s] Level 5:colcon.colcon_core.verb:set package 'custom_msgs' build argument 'cmake_clean_first' from command line to 'False'
[0.987s] Level 5:colcon.colcon_core.verb:set package 'custom_msgs' build argument 'cmake_force_configure' from command line to 'False'
[0.987s] Level 5:colcon.colcon_core.verb:set package 'custom_msgs' build argument 'ament_cmake_args' from command line to 'None'
[0.987s] Level 5:colcon.colcon_core.verb:set package 'custom_msgs' build argument 'catkin_cmake_args' from command line to 'None'
[0.987s] Level 5:colcon.colcon_core.verb:set package 'custom_msgs' build argument 'catkin_skip_building_tests' from command line to 'False'
[0.987s] DEBUG:colcon.colcon_core.verb:Building package 'custom_msgs' with the following arguments: {'ament_cmake_args': None, 'build_base': '/home/nvidia/Motor-Controller-CAN/ros2_ws/build/custom_msgs', 'catkin_cmake_args': None, 'catkin_skip_building_tests': False, 'cmake_args': None, 'cmake_clean_cache': False, 'cmake_clean_first': False, 'cmake_force_configure': False, 'cmake_target': None, 'cmake_target_skip_unavailable': False, 'install_base': '/home/nvidia/Motor-Controller-CAN/ros2_ws/install/custom_msgs', 'merge_install': False, 'path': '/home/nvidia/Motor-Controller-CAN/ros2_ws/src/custom_msgs', 'symlink_install': True, 'test_result_base': None}
[0.987s] INFO:colcon.colcon_core.executor:Executing jobs using 'parallel' executor
[0.990s] DEBUG:colcon.colcon_parallel_executor.executor.parallel:run_until_complete
[0.991s] INFO:colcon.colcon_ros.task.ament_python.build:Building ROS package in '/home/nvidia/Motor-Controller-CAN/ros2_ws/src/can_test' with build type 'ament_python'
[0.991s] Level 1:colcon.colcon_core.shell:create_environment_hook('can_test', 'ament_prefix_path')
[0.999s] INFO:colcon.colcon_core.plugin_system:Skipping extension 'colcon_core.shell.bat': Not used on non-Windows systems
[0.999s] INFO:colcon.colcon_core.shell:Creating environment hook '/home/nvidia/Motor-Controller-CAN/ros2_ws/install/can_test/share/can_test/hook/ament_prefix_path.ps1'
[1.002s] INFO:colcon.colcon_core.shell:Creating environment descriptor '/home/nvidia/Motor-Controller-CAN/ros2_ws/install/can_test/share/can_test/hook/ament_prefix_path.dsv'
[1.003s] INFO:colcon.colcon_core.shell:Creating environment hook '/home/nvidia/Motor-Controller-CAN/ros2_ws/install/can_test/share/can_test/hook/ament_prefix_path.sh'
[1.005s] INFO:colcon.colcon_core.shell:Skip shell extension 'powershell' for command environment: Not usable outside of PowerShell
[1.005s] DEBUG:colcon.colcon_core.shell:Skip shell extension 'dsv' for command environment
[1.013s] INFO:colcon.colcon_ros.task.ament_cmake.build:Building ROS package in '/home/nvidia/Motor-Controller-CAN/ros2_ws/src/custom_msgs' with build type 'ament_cmake'
[1.013s] INFO:colcon.colcon_cmake.task.cmake.build:Building CMake package in '/home/nvidia/Motor-Controller-CAN/ros2_ws/src/custom_msgs'
[1.014s] INFO:colcon.colcon_core.shell:Skip shell extension 'powershell' for command environment: Not usable outside of PowerShell
[1.014s] DEBUG:colcon.colcon_core.shell:Skip shell extension 'dsv' for command environment
[1.694s] INFO:colcon.colcon_core.task.python.build:Building Python package in '/home/nvidia/Motor-Controller-CAN/ros2_ws/src/can_test'
[1.696s] INFO:colcon.colcon_core.shell:Skip shell extension 'powershell' for command environment: Not usable outside of PowerShell
[1.697s] DEBUG:colcon.colcon_core.shell:Skip shell extension 'dsv' for command environment
[1.719s] DEBUG:colcon.colcon_core.event_handler.log_command:Invoking command in '/home/nvidia/Motor-Controller-CAN/ros2_ws/build/custom_msgs': CMAKE_PREFIX_PATH=${CMAKE_PREFIX_PATH}:/home/nvidia/Motor-Controller-CAN/ros2_ws/install/can_test:/opt/ros/humble /usr/bin/cmake --build /home/nvidia/Motor-Controller-CAN/ros2_ws/build/custom_msgs -- -j4 -l4
[2.786s] DEBUG:colcon.colcon_core.event_handler.log_command:Invoking command in '/home/nvidia/Motor-Controller-CAN/ros2_ws/build/can_test': PYTHONPATH=/home/nvidia/Motor-Controller-CAN/ros2_ws/build/can_test/prefix_override:/usr/lib/python3/dist-packages/colcon_core/task/python/colcon_distutils_commands:/home/nvidia/Motor-Controller-CAN/ros2_ws/install/can_test/lib/python3.10/site-packages:${PYTHONPATH} /usr/bin/python3 -W ignore:setup.py install is deprecated -W ignore:easy_install command is deprecated setup.py develop --editable --build-directory /home/nvidia/Motor-Controller-CAN/ros2_ws/build/can_test/build --no-deps symlink_data
[2.849s] DEBUG:colcon.colcon_core.event_handler.log_command:Invoked command in '/home/nvidia/Motor-Controller-CAN/ros2_ws/build/custom_msgs' returned '0': CMAKE_PREFIX_PATH=${CMAKE_PREFIX_PATH}:/home/nvidia/Motor-Controller-CAN/ros2_ws/install/can_test:/opt/ros/humble /usr/bin/cmake --build /home/nvidia/Motor-Controller-CAN/ros2_ws/build/custom_msgs -- -j4 -l4
[2.881s] DEBUG:colcon.colcon_core.event_handler.log_command:Invoking command in '/home/nvidia/Motor-Controller-CAN/ros2_ws/build/custom_msgs': CMAKE_PREFIX_PATH=${CMAKE_PREFIX_PATH}:/home/nvidia/Motor-Controller-CAN/ros2_ws/install/can_test:/opt/ros/humble /usr/bin/cmake --install /home/nvidia/Motor-Controller-CAN/ros2_ws/build/custom_msgs
[3.113s] Level 1:colcon.colcon_core.environment:create_environment_scripts_only(custom_msgs)
[3.115s] DEBUG:colcon.colcon_core.event_handler.log_command:Invoked command in '/home/nvidia/Motor-Controller-CAN/ros2_ws/build/custom_msgs' returned '0': CMAKE_PREFIX_PATH=${CMAKE_PREFIX_PATH}:/home/nvidia/Motor-Controller-CAN/ros2_ws/install/can_test:/opt/ros/humble /usr/bin/cmake --install /home/nvidia/Motor-Controller-CAN/ros2_ws/build/custom_msgs
[3.124s] Level 1:colcon.colcon_core.environment:checking '/home/nvidia/Motor-Controller-CAN/ros2_ws/install/custom_msgs' for CMake module files
[3.125s] Level 1:colcon.colcon_core.environment:checking '/home/nvidia/Motor-Controller-CAN/ros2_ws/install/custom_msgs' for CMake config files
[3.128s] Level 1:colcon.colcon_core.shell:create_environment_hook('custom_msgs', 'cmake_prefix_path')
[3.129s] INFO:colcon.colcon_core.shell:Creating environment hook '/home/nvidia/Motor-Controller-CAN/ros2_ws/install/custom_msgs/share/custom_msgs/hook/cmake_prefix_path.ps1'
[3.131s] INFO:colcon.colcon_core.shell:Creating environment descriptor '/home/nvidia/Motor-Controller-CAN/ros2_ws/install/custom_msgs/share/custom_msgs/hook/cmake_prefix_path.dsv'
[3.132s] INFO:colcon.colcon_core.shell:Creating environment hook '/home/nvidia/Motor-Controller-CAN/ros2_ws/install/custom_msgs/share/custom_msgs/hook/cmake_prefix_path.sh'
[3.134s] Level 1:colcon.colcon_core.environment:checking '/home/nvidia/Motor-Controller-CAN/ros2_ws/install/custom_msgs/lib'
[3.135s] Level 1:colcon.colcon_core.shell:create_environment_hook('custom_msgs', 'ld_library_path_lib')
[3.135s] INFO:colcon.colcon_core.shell:Creating environment hook '/home/nvidia/Motor-Controller-CAN/ros2_ws/install/custom_msgs/share/custom_msgs/hook/ld_library_path_lib.ps1'
[3.136s] INFO:colcon.colcon_core.shell:Creating environment descriptor '/home/nvidia/Motor-Controller-CAN/ros2_ws/install/custom_msgs/share/custom_msgs/hook/ld_library_path_lib.dsv'
[3.137s] INFO:colcon.colcon_core.shell:Creating environment hook '/home/nvidia/Motor-Controller-CAN/ros2_ws/install/custom_msgs/share/custom_msgs/hook/ld_library_path_lib.sh'
[3.138s] Level 1:colcon.colcon_core.environment:checking '/home/nvidia/Motor-Controller-CAN/ros2_ws/install/custom_msgs/bin'
[3.138s] Level 1:colcon.colcon_core.environment:checking '/home/nvidia/Motor-Controller-CAN/ros2_ws/install/custom_msgs/lib/pkgconfig/custom_msgs.pc'
[3.139s] Level 1:colcon.colcon_core.environment:checking '/home/nvidia/Motor-Controller-CAN/ros2_ws/install/custom_msgs/lib/python3.10/site-packages'
[3.140s] Level 1:colcon.colcon_core.environment:checking '/home/nvidia/Motor-Controller-CAN/ros2_ws/install/custom_msgs/bin'
[3.140s] INFO:colcon.colcon_core.shell:Creating package script '/home/nvidia/Motor-Controller-CAN/ros2_ws/install/custom_msgs/share/custom_msgs/package.ps1'
[3.143s] INFO:colcon.colcon_core.shell:Creating package descriptor '/home/nvidia/Motor-Controller-CAN/ros2_ws/install/custom_msgs/share/custom_msgs/package.dsv'
[3.144s] INFO:colcon.colcon_core.shell:Creating package script '/home/nvidia/Motor-Controller-CAN/ros2_ws/install/custom_msgs/share/custom_msgs/package.sh'
[3.146s] INFO:colcon.colcon_core.shell:Creating package script '/home/nvidia/Motor-Controller-CAN/ros2_ws/install/custom_msgs/share/custom_msgs/package.bash'
[3.148s] INFO:colcon.colcon_core.shell:Creating package script '/home/nvidia/Motor-Controller-CAN/ros2_ws/install/custom_msgs/share/custom_msgs/package.zsh'
[3.151s] Level 1:colcon.colcon_core.environment:create_file_with_runtime_dependencies(/home/nvidia/Motor-Controller-CAN/ros2_ws/install/custom_msgs/share/colcon-core/packages/custom_msgs)
[3.153s] Level 1:colcon.colcon_core.environment:create_environment_scripts_only(custom_msgs)
[3.154s] Level 1:colcon.colcon_core.environment:checking '/home/nvidia/Motor-Controller-CAN/ros2_ws/install/custom_msgs' for CMake module files
[3.155s] Level 1:colcon.colcon_core.environment:checking '/home/nvidia/Motor-Controller-CAN/ros2_ws/install/custom_msgs' for CMake config files
[3.158s] Level 1:colcon.colcon_core.shell:create_environment_hook('custom_msgs', 'cmake_prefix_path')
[3.158s] INFO:colcon.colcon_core.shell:Creating environment hook '/home/nvidia/Motor-Controller-CAN/ros2_ws/install/custom_msgs/share/custom_msgs/hook/cmake_prefix_path.ps1'
[3.159s] INFO:colcon.colcon_core.shell:Creating environment descriptor '/home/nvidia/Motor-Controller-CAN/ros2_ws/install/custom_msgs/share/custom_msgs/hook/cmake_prefix_path.dsv'
[3.160s] INFO:colcon.colcon_core.shell:Creating environment hook '/home/nvidia/Motor-Controller-CAN/ros2_ws/install/custom_msgs/share/custom_msgs/hook/cmake_prefix_path.sh'
[3.161s] Level 1:colcon.colcon_core.environment:checking '/home/nvidia/Motor-Controller-CAN/ros2_ws/install/custom_msgs/lib'
[3.161s] Level 1:colcon.colcon_core.shell:create_environment_hook('custom_msgs', 'ld_library_path_lib')
[3.162s] INFO:colcon.colcon_core.shell:Creating environment hook '/home/nvidia/Motor-Controller-CAN/ros2_ws/install/custom_msgs/share/custom_msgs/hook/ld_library_path_lib.ps1'
[3.163s] INFO:colcon.colcon_core.shell:Creating environment descriptor '/home/nvidia/Motor-Controller-CAN/ros2_ws/install/custom_msgs/share/custom_msgs/hook/ld_library_path_lib.dsv'
[3.164s] INFO:colcon.colcon_core.shell:Creating environment hook '/home/nvidia/Motor-Controller-CAN/ros2_ws/install/custom_msgs/share/custom_msgs/hook/ld_library_path_lib.sh'
[3.164s] Level 1:colcon.colcon_core.environment:checking '/home/nvidia/Motor-Controller-CAN/ros2_ws/install/custom_msgs/bin'
[3.165s] Level 1:colcon.colcon_core.environment:checking '/home/nvidia/Motor-Controller-CAN/ros2_ws/install/custom_msgs/lib/pkgconfig/custom_msgs.pc'
[3.165s] Level 1:colcon.colcon_core.environment:checking '/home/nvidia/Motor-Controller-CAN/ros2_ws/install/custom_msgs/lib/python3.10/site-packages'
[3.166s] Level 1:colcon.colcon_core.environment:checking '/home/nvidia/Motor-Controller-CAN/ros2_ws/install/custom_msgs/bin'
[3.167s] INFO:colcon.colcon_core.shell:Creating package script '/home/nvidia/Motor-Controller-CAN/ros2_ws/install/custom_msgs/share/custom_msgs/package.ps1'
[3.168s] INFO:colcon.colcon_core.shell:Creating package descriptor '/home/nvidia/Motor-Controller-CAN/ros2_ws/install/custom_msgs/share/custom_msgs/package.dsv'
[3.169s] INFO:colcon.colcon_core.shell:Creating package script '/home/nvidia/Motor-Controller-CAN/ros2_ws/install/custom_msgs/share/custom_msgs/package.sh'
[3.170s] INFO:colcon.colcon_core.shell:Creating package script '/home/nvidia/Motor-Controller-CAN/ros2_ws/install/custom_msgs/share/custom_msgs/package.bash'
[3.171s] INFO:colcon.colcon_core.shell:Creating package script '/home/nvidia/Motor-Controller-CAN/ros2_ws/install/custom_msgs/share/custom_msgs/package.zsh'
[3.172s] Level 1:colcon.colcon_core.environment:create_file_with_runtime_dependencies(/home/nvidia/Motor-Controller-CAN/ros2_ws/install/custom_msgs/share/colcon-core/packages/custom_msgs)
[3.958s] Level 1:colcon.colcon_core.shell:create_environment_hook('can_test', 'pythonpath_develop')
[3.959s] INFO:colcon.colcon_core.shell:Creating environment hook '/home/nvidia/Motor-Controller-CAN/ros2_ws/build/can_test/share/can_test/hook/pythonpath_develop.ps1'
[3.961s] DEBUG:colcon.colcon_core.event_handler.log_command:Invoked command in '/home/nvidia/Motor-Controller-CAN/ros2_ws/build/can_test' returned '0': PYTHONPATH=/home/nvidia/Motor-Controller-CAN/ros2_ws/build/can_test/prefix_override:/usr/lib/python3/dist-packages/colcon_core/task/python/colcon_distutils_commands:/home/nvidia/Motor-Controller-CAN/ros2_ws/install/can_test/lib/python3.10/site-packages:${PYTHONPATH} /usr/bin/python3 -W ignore:setup.py install is deprecated -W ignore:easy_install command is deprecated setup.py develop --editable --build-directory /home/nvidia/Motor-Controller-CAN/ros2_ws/build/can_test/build --no-deps symlink_data
[3.963s] INFO:colcon.colcon_core.shell:Creating environment descriptor '/home/nvidia/Motor-Controller-CAN/ros2_ws/build/can_test/share/can_test/hook/pythonpath_develop.dsv'
[3.964s] INFO:colcon.colcon_core.shell:Creating environment hook '/home/nvidia/Motor-Controller-CAN/ros2_ws/build/can_test/share/can_test/hook/pythonpath_develop.sh'
[3.967s] Level 1:colcon.colcon_core.environment:checking '/home/nvidia/Motor-Controller-CAN/ros2_ws/install/can_test' for CMake module files
[3.969s] Level 1:colcon.colcon_core.environment:checking '/home/nvidia/Motor-Controller-CAN/ros2_ws/install/can_test' for CMake config files
[3.971s] Level 1:colcon.colcon_core.environment:checking '/home/nvidia/Motor-Controller-CAN/ros2_ws/install/can_test/lib'
[3.971s] Level 1:colcon.colcon_core.environment:checking '/home/nvidia/Motor-Controller-CAN/ros2_ws/install/can_test/bin'
[3.971s] Level 1:colcon.colcon_core.environment:checking '/home/nvidia/Motor-Controller-CAN/ros2_ws/install/can_test/lib/pkgconfig/can_test.pc'
[3.972s] Level 1:colcon.colcon_core.environment:checking '/home/nvidia/Motor-Controller-CAN/ros2_ws/install/can_test/lib/python3.10/site-packages'
[3.973s] Level 1:colcon.colcon_core.shell:create_environment_hook('can_test', 'pythonpath')
[3.973s] INFO:colcon.colcon_core.shell:Creating environment hook '/home/nvidia/Motor-Controller-CAN/ros2_ws/install/can_test/share/can_test/hook/pythonpath.ps1'
[3.975s] INFO:colcon.colcon_core.shell:Creating environment descriptor '/home/nvidia/Motor-Controller-CAN/ros2_ws/install/can_test/share/can_test/hook/pythonpath.dsv'
[3.976s] INFO:colcon.colcon_core.shell:Creating environment hook '/home/nvidia/Motor-Controller-CAN/ros2_ws/install/can_test/share/can_test/hook/pythonpath.sh'
[3.979s] Level 1:colcon.colcon_core.environment:checking '/home/nvidia/Motor-Controller-CAN/ros2_ws/install/can_test/bin'
[3.980s] Level 1:colcon.colcon_core.environment:create_environment_scripts_only(can_test)
[3.981s] INFO:colcon.colcon_core.shell:Creating package script '/home/nvidia/Motor-Controller-CAN/ros2_ws/install/can_test/share/can_test/package.ps1'
[3.983s] INFO:colcon.colcon_core.shell:Creating package descriptor '/home/nvidia/Motor-Controller-CAN/ros2_ws/install/can_test/share/can_test/package.dsv'
[3.985s] INFO:colcon.colcon_core.shell:Creating package script '/home/nvidia/Motor-Controller-CAN/ros2_ws/install/can_test/share/can_test/package.sh'
[3.987s] INFO:colcon.colcon_core.shell:Creating package script '/home/nvidia/Motor-Controller-CAN/ros2_ws/install/can_test/share/can_test/package.bash'
[3.988s] INFO:colcon.colcon_core.shell:Creating package script '/home/nvidia/Motor-Controller-CAN/ros2_ws/install/can_test/share/can_test/package.zsh'
[3.989s] Level 1:colcon.colcon_core.environment:create_file_with_runtime_dependencies(/home/nvidia/Motor-Controller-CAN/ros2_ws/install/can_test/share/colcon-core/packages/can_test)
[3.990s] DEBUG:colcon.colcon_parallel_executor.executor.parallel:closing loop
[3.992s] DEBUG:colcon.colcon_parallel_executor.executor.parallel:loop closed
[3.992s] DEBUG:colcon.colcon_parallel_executor.executor.parallel:run_until_complete finished with '0'
[3.992s] DEBUG:colcon.colcon_core.event_reactor:joining thread
[4.018s] INFO:colcon.colcon_core.plugin_system:Skipping extension 'colcon_notification.desktop_notification.terminal_notifier': Not used on non-Darwin systems
[4.019s] INFO:colcon.colcon_core.plugin_system:Skipping extension 'colcon_notification.desktop_notification.win32': Not used on non-Windows systems
[4.020s] INFO:colcon.colcon_notification.desktop_notification:Sending desktop notification using 'notify2'
[4.115s] DEBUG:colcon.colcon_core.event_reactor:joined thread
[4.117s] INFO:colcon.colcon_core.shell:Creating prefix script '/home/nvidia/Motor-Controller-CAN/ros2_ws/install/local_setup.ps1'
[4.121s] INFO:colcon.colcon_core.shell:Creating prefix util module '/home/nvidia/Motor-Controller-CAN/ros2_ws/install/_local_setup_util_ps1.py'
[4.125s] INFO:colcon.colcon_core.shell:Creating prefix chain script '/home/nvidia/Motor-Controller-CAN/ros2_ws/install/setup.ps1'
[4.128s] INFO:colcon.colcon_core.shell:Creating prefix script '/home/nvidia/Motor-Controller-CAN/ros2_ws/install/local_setup.sh'
[4.130s] INFO:colcon.colcon_core.shell:Creating prefix util module '/home/nvidia/Motor-Controller-CAN/ros2_ws/install/_local_setup_util_sh.py'
[4.132s] INFO:colcon.colcon_core.shell:Creating prefix chain script '/home/nvidia/Motor-Controller-CAN/ros2_ws/install/setup.sh'
[4.136s] INFO:colcon.colcon_core.shell:Creating prefix script '/home/nvidia/Motor-Controller-CAN/ros2_ws/install/local_setup.bash'
[4.138s] INFO:colcon.colcon_core.shell:Creating prefix chain script '/home/nvidia/Motor-Controller-CAN/ros2_ws/install/setup.bash'
[4.141s] INFO:colcon.colcon_core.shell:Creating prefix script '/home/nvidia/Motor-Controller-CAN/ros2_ws/install/local_setup.zsh'
[4.142s] INFO:colcon.colcon_core.shell:Creating prefix chain script '/home/nvidia/Motor-Controller-CAN/ros2_ws/install/setup.zsh'
