[35m[1mConsolidate compiler generated dependencies of target custom_msgs__rosidl_generator_c[0m
[  1%] Built target custom_msgs__cpp
[ 12%] Built target custom_msgs__rosidl_generator_c
[ 12%] Built target ament_cmake_python_symlink_custom_msgs
[35m[1mConsolidate compiler generated dependencies of target custom_msgs__rosidl_typesupport_cpp[0m
[35m[1mConsolidate compiler generated dependencies of target custom_msgs__rosidl_typesupport_fastrtps_cpp[0m
[35m[1mConsolidate compiler generated dependencies of target custom_msgs__rosidl_typesupport_introspection_cpp[0m
[35m[1mConsolidate compiler generated dependencies of target custom_msgs__rosidl_typesupport_fastrtps_c[0m
[ 23%] Built target custom_msgs__rosidl_typesupport_cpp
[ 46%] Built target custom_msgs__rosidl_typesupport_fastrtps_c
[ 46%] Built target custom_msgs__rosidl_typesupport_fastrtps_cpp
[35m[1mConsolidate compiler generated dependencies of target custom_msgs__rosidl_typesupport_introspection_c[0m
[ 57%] Built target custom_msgs__rosidl_typesupport_introspection_cpp
[ 68%] Built target custom_msgs__rosidl_typesupport_introspection_c
[35m[1mConsolidate compiler generated dependencies of target custom_msgs__rosidl_typesupport_c[0m
[ 79%] Built target custom_msgs__rosidl_typesupport_c
[ 79%] Built target custom_msgs
[ 80%] Built target custom_msgs__py
[35m[1mConsolidate compiler generated dependencies of target custom_msgs__rosidl_generator_py[0m
[ 90%] Built target custom_msgs__rosidl_generator_py
[35m[1mConsolidate compiler generated dependencies of target custom_msgs__rosidl_typesupport_fastrtps_c__pyext[0m
[35m[1mConsolidate compiler generated dependencies of target custom_msgs__rosidl_typesupport_introspection_c__pyext[0m
[ 93%] Built target custom_msgs__rosidl_typesupport_introspection_c__pyext
[35m[1mConsolidate compiler generated dependencies of target custom_msgs__rosidl_typesupport_c__pyext[0m
[ 96%] Built target custom_msgs__rosidl_typesupport_fastrtps_c__pyext
[100%] Built target custom_msgs__rosidl_typesupport_c__pyext
running egg_info
writing custom_msgs.egg-info/PKG-INFO
writing dependency_links to custom_msgs.egg-info/dependency_links.txt
writing top-level names to custom_msgs.egg-info/top_level.txt
reading manifest file 'custom_msgs.egg-info/SOURCES.txt'
writing manifest file 'custom_msgs.egg-info/SOURCES.txt'
[100%] Built target ament_cmake_python_build_custom_msgs_egg
-- Install configuration: ""
-- Execute custom install script
-- Up-to-date symlink: /home/nvidia/Motor-Controller-CAN/ros2_ws/install/custom_msgs/share/ament_index/resource_index/rosidl_interfaces/custom_msgs
-- Up-to-date symlink: /home/nvidia/Motor-Controller-CAN/ros2_ws/install/custom_msgs/include/custom_msgs/custom_msgs/action/detail/maps_distance__functions.h
-- Up-to-date symlink: /home/nvidia/Motor-Controller-CAN/ros2_ws/install/custom_msgs/include/custom_msgs/custom_msgs/action/detail/maps_distance__struct.h
-- Up-to-date symlink: /home/nvidia/Motor-Controller-CAN/ros2_ws/install/custom_msgs/include/custom_msgs/custom_msgs/action/detail/maps_distance__type_support.h
-- Up-to-date symlink: /home/nvidia/Motor-Controller-CAN/ros2_ws/install/custom_msgs/include/custom_msgs/custom_msgs/action/maps_distance.h
-- Up-to-date symlink: /home/nvidia/Motor-Controller-CAN/ros2_ws/install/custom_msgs/include/custom_msgs/custom_msgs/msg/camera_info.h
-- Up-to-date symlink: /home/nvidia/Motor-Controller-CAN/ros2_ws/install/custom_msgs/include/custom_msgs/custom_msgs/msg/detail/camera_info__functions.h
-- Up-to-date symlink: /home/nvidia/Motor-Controller-CAN/ros2_ws/install/custom_msgs/include/custom_msgs/custom_msgs/msg/detail/camera_info__struct.h
-- Up-to-date symlink: /home/nvidia/Motor-Controller-CAN/ros2_ws/install/custom_msgs/include/custom_msgs/custom_msgs/msg/detail/camera_info__type_support.h
-- Up-to-date symlink: /home/nvidia/Motor-Controller-CAN/ros2_ws/install/custom_msgs/include/custom_msgs/custom_msgs/msg/detail/utm_point__functions.h
-- Up-to-date symlink: /home/nvidia/Motor-Controller-CAN/ros2_ws/install/custom_msgs/include/custom_msgs/custom_msgs/msg/detail/utm_point__struct.h
-- Up-to-date symlink: /home/nvidia/Motor-Controller-CAN/ros2_ws/install/custom_msgs/include/custom_msgs/custom_msgs/msg/detail/utm_point__type_support.h
-- Up-to-date symlink: /home/nvidia/Motor-Controller-CAN/ros2_ws/install/custom_msgs/include/custom_msgs/custom_msgs/msg/detail/wheel_rpm__functions.h
-- Up-to-date symlink: /home/nvidia/Motor-Controller-CAN/ros2_ws/install/custom_msgs/include/custom_msgs/custom_msgs/msg/detail/wheel_rpm__struct.h
-- Up-to-date symlink: /home/nvidia/Motor-Controller-CAN/ros2_ws/install/custom_msgs/include/custom_msgs/custom_msgs/msg/detail/wheel_rpm__type_support.h
-- Up-to-date symlink: /home/nvidia/Motor-Controller-CAN/ros2_ws/install/custom_msgs/include/custom_msgs/custom_msgs/msg/rosidl_generator_c__visibility_control.h
-- Up-to-date symlink: /home/nvidia/Motor-Controller-CAN/ros2_ws/install/custom_msgs/include/custom_msgs/custom_msgs/msg/utm_point.h
-- Up-to-date symlink: /home/nvidia/Motor-Controller-CAN/ros2_ws/install/custom_msgs/include/custom_msgs/custom_msgs/msg/wheel_rpm.h
-- Up-to-date symlink: /home/nvidia/Motor-Controller-CAN/ros2_ws/install/custom_msgs/include/custom_msgs/custom_msgs/srv/detail/get_ptz_image__functions.h
-- Up-to-date symlink: /home/nvidia/Motor-Controller-CAN/ros2_ws/install/custom_msgs/include/custom_msgs/custom_msgs/srv/detail/get_ptz_image__struct.h
-- Up-to-date symlink: /home/nvidia/Motor-Controller-CAN/ros2_ws/install/custom_msgs/include/custom_msgs/custom_msgs/srv/detail/get_ptz_image__type_support.h
-- Up-to-date symlink: /home/nvidia/Motor-Controller-CAN/ros2_ws/install/custom_msgs/include/custom_msgs/custom_msgs/srv/get_ptz_image.h
-- Up-to-date symlink: /home/nvidia/Motor-Controller-CAN/ros2_ws/install/custom_msgs/share/custom_msgs/environment/library_path.sh
-- Up-to-date symlink: /home/nvidia/Motor-Controller-CAN/ros2_ws/install/custom_msgs/share/custom_msgs/environment/library_path.dsv
-- Up-to-date symlink: /home/nvidia/Motor-Controller-CAN/ros2_ws/install/custom_msgs/include/custom_msgs/custom_msgs/action/detail/maps_distance__rosidl_typesupport_fastrtps_c.h
-- Up-to-date symlink: /home/nvidia/Motor-Controller-CAN/ros2_ws/install/custom_msgs/include/custom_msgs/custom_msgs/msg/detail/camera_info__rosidl_typesupport_fastrtps_c.h
-- Up-to-date symlink: /home/nvidia/Motor-Controller-CAN/ros2_ws/install/custom_msgs/include/custom_msgs/custom_msgs/msg/detail/utm_point__rosidl_typesupport_fastrtps_c.h
-- Up-to-date symlink: /home/nvidia/Motor-Controller-CAN/ros2_ws/install/custom_msgs/include/custom_msgs/custom_msgs/msg/detail/wheel_rpm__rosidl_typesupport_fastrtps_c.h
-- Up-to-date symlink: /home/nvidia/Motor-Controller-CAN/ros2_ws/install/custom_msgs/include/custom_msgs/custom_msgs/msg/rosidl_typesupport_fastrtps_c__visibility_control.h
-- Up-to-date symlink: /home/nvidia/Motor-Controller-CAN/ros2_ws/install/custom_msgs/include/custom_msgs/custom_msgs/srv/detail/get_ptz_image__rosidl_typesupport_fastrtps_c.h
-- Up-to-date symlink: /home/nvidia/Motor-Controller-CAN/ros2_ws/install/custom_msgs/include/custom_msgs/custom_msgs/action/detail/maps_distance__builder.hpp
-- Up-to-date symlink: /home/nvidia/Motor-Controller-CAN/ros2_ws/install/custom_msgs/include/custom_msgs/custom_msgs/action/detail/maps_distance__struct.hpp
-- Up-to-date symlink: /home/nvidia/Motor-Controller-CAN/ros2_ws/install/custom_msgs/include/custom_msgs/custom_msgs/action/detail/maps_distance__traits.hpp
-- Up-to-date symlink: /home/nvidia/Motor-Controller-CAN/ros2_ws/install/custom_msgs/include/custom_msgs/custom_msgs/action/detail/maps_distance__type_support.hpp
-- Up-to-date symlink: /home/nvidia/Motor-Controller-CAN/ros2_ws/install/custom_msgs/include/custom_msgs/custom_msgs/action/maps_distance.hpp
-- Up-to-date symlink: /home/nvidia/Motor-Controller-CAN/ros2_ws/install/custom_msgs/include/custom_msgs/custom_msgs/msg/camera_info.hpp
-- Up-to-date symlink: /home/nvidia/Motor-Controller-CAN/ros2_ws/install/custom_msgs/include/custom_msgs/custom_msgs/msg/detail/camera_info__builder.hpp
-- Up-to-date symlink: /home/nvidia/Motor-Controller-CAN/ros2_ws/install/custom_msgs/include/custom_msgs/custom_msgs/msg/detail/camera_info__struct.hpp
-- Up-to-date symlink: /home/nvidia/Motor-Controller-CAN/ros2_ws/install/custom_msgs/include/custom_msgs/custom_msgs/msg/detail/camera_info__traits.hpp
-- Up-to-date symlink: /home/nvidia/Motor-Controller-CAN/ros2_ws/install/custom_msgs/include/custom_msgs/custom_msgs/msg/detail/camera_info__type_support.hpp
-- Up-to-date symlink: /home/nvidia/Motor-Controller-CAN/ros2_ws/install/custom_msgs/include/custom_msgs/custom_msgs/msg/detail/utm_point__builder.hpp
-- Up-to-date symlink: /home/nvidia/Motor-Controller-CAN/ros2_ws/install/custom_msgs/include/custom_msgs/custom_msgs/msg/detail/utm_point__struct.hpp
-- Up-to-date symlink: /home/nvidia/Motor-Controller-CAN/ros2_ws/install/custom_msgs/include/custom_msgs/custom_msgs/msg/detail/utm_point__traits.hpp
-- Up-to-date symlink: /home/nvidia/Motor-Controller-CAN/ros2_ws/install/custom_msgs/include/custom_msgs/custom_msgs/msg/detail/utm_point__type_support.hpp
-- Up-to-date symlink: /home/nvidia/Motor-Controller-CAN/ros2_ws/install/custom_msgs/include/custom_msgs/custom_msgs/msg/detail/wheel_rpm__builder.hpp
-- Up-to-date symlink: /home/nvidia/Motor-Controller-CAN/ros2_ws/install/custom_msgs/include/custom_msgs/custom_msgs/msg/detail/wheel_rpm__struct.hpp
-- Up-to-date symlink: /home/nvidia/Motor-Controller-CAN/ros2_ws/install/custom_msgs/include/custom_msgs/custom_msgs/msg/detail/wheel_rpm__traits.hpp
-- Up-to-date symlink: /home/nvidia/Motor-Controller-CAN/ros2_ws/install/custom_msgs/include/custom_msgs/custom_msgs/msg/detail/wheel_rpm__type_support.hpp
-- Up-to-date symlink: /home/nvidia/Motor-Controller-CAN/ros2_ws/install/custom_msgs/include/custom_msgs/custom_msgs/msg/rosidl_generator_cpp__visibility_control.hpp
-- Up-to-date symlink: /home/nvidia/Motor-Controller-CAN/ros2_ws/install/custom_msgs/include/custom_msgs/custom_msgs/msg/utm_point.hpp
-- Up-to-date symlink: /home/nvidia/Motor-Controller-CAN/ros2_ws/install/custom_msgs/include/custom_msgs/custom_msgs/msg/wheel_rpm.hpp
-- Up-to-date symlink: /home/nvidia/Motor-Controller-CAN/ros2_ws/install/custom_msgs/include/custom_msgs/custom_msgs/srv/detail/get_ptz_image__builder.hpp
-- Up-to-date symlink: /home/nvidia/Motor-Controller-CAN/ros2_ws/install/custom_msgs/include/custom_msgs/custom_msgs/srv/detail/get_ptz_image__struct.hpp
-- Up-to-date symlink: /home/nvidia/Motor-Controller-CAN/ros2_ws/install/custom_msgs/include/custom_msgs/custom_msgs/srv/detail/get_ptz_image__traits.hpp
-- Up-to-date symlink: /home/nvidia/Motor-Controller-CAN/ros2_ws/install/custom_msgs/include/custom_msgs/custom_msgs/srv/detail/get_ptz_image__type_support.hpp
-- Up-to-date symlink: /home/nvidia/Motor-Controller-CAN/ros2_ws/install/custom_msgs/include/custom_msgs/custom_msgs/srv/get_ptz_image.hpp
-- Up-to-date symlink: /home/nvidia/Motor-Controller-CAN/ros2_ws/install/custom_msgs/include/custom_msgs/custom_msgs/action/detail/maps_distance__rosidl_typesupport_fastrtps_cpp.hpp
-- Up-to-date symlink: /home/nvidia/Motor-Controller-CAN/ros2_ws/install/custom_msgs/include/custom_msgs/custom_msgs/msg/detail/camera_info__rosidl_typesupport_fastrtps_cpp.hpp
-- Up-to-date symlink: /home/nvidia/Motor-Controller-CAN/ros2_ws/install/custom_msgs/include/custom_msgs/custom_msgs/msg/detail/utm_point__rosidl_typesupport_fastrtps_cpp.hpp
-- Up-to-date symlink: /home/nvidia/Motor-Controller-CAN/ros2_ws/install/custom_msgs/include/custom_msgs/custom_msgs/msg/detail/wheel_rpm__rosidl_typesupport_fastrtps_cpp.hpp
-- Up-to-date symlink: /home/nvidia/Motor-Controller-CAN/ros2_ws/install/custom_msgs/include/custom_msgs/custom_msgs/msg/rosidl_typesupport_fastrtps_cpp__visibility_control.h
-- Up-to-date symlink: /home/nvidia/Motor-Controller-CAN/ros2_ws/install/custom_msgs/include/custom_msgs/custom_msgs/srv/detail/get_ptz_image__rosidl_typesupport_fastrtps_cpp.hpp
-- Up-to-date symlink: /home/nvidia/Motor-Controller-CAN/ros2_ws/install/custom_msgs/include/custom_msgs/custom_msgs/action/detail/maps_distance__rosidl_typesupport_introspection_c.h
-- Up-to-date symlink: /home/nvidia/Motor-Controller-CAN/ros2_ws/install/custom_msgs/include/custom_msgs/custom_msgs/msg/detail/camera_info__rosidl_typesupport_introspection_c.h
-- Up-to-date symlink: /home/nvidia/Motor-Controller-CAN/ros2_ws/install/custom_msgs/include/custom_msgs/custom_msgs/msg/detail/utm_point__rosidl_typesupport_introspection_c.h
-- Up-to-date symlink: /home/nvidia/Motor-Controller-CAN/ros2_ws/install/custom_msgs/include/custom_msgs/custom_msgs/msg/detail/wheel_rpm__rosidl_typesupport_introspection_c.h
-- Up-to-date symlink: /home/nvidia/Motor-Controller-CAN/ros2_ws/install/custom_msgs/include/custom_msgs/custom_msgs/msg/rosidl_typesupport_introspection_c__visibility_control.h
-- Up-to-date symlink: /home/nvidia/Motor-Controller-CAN/ros2_ws/install/custom_msgs/include/custom_msgs/custom_msgs/srv/detail/get_ptz_image__rosidl_typesupport_introspection_c.h
-- Up-to-date symlink: /home/nvidia/Motor-Controller-CAN/ros2_ws/install/custom_msgs/include/custom_msgs/custom_msgs/action/detail/maps_distance__rosidl_typesupport_introspection_cpp.hpp
-- Up-to-date symlink: /home/nvidia/Motor-Controller-CAN/ros2_ws/install/custom_msgs/include/custom_msgs/custom_msgs/msg/detail/camera_info__rosidl_typesupport_introspection_cpp.hpp
-- Up-to-date symlink: /home/nvidia/Motor-Controller-CAN/ros2_ws/install/custom_msgs/include/custom_msgs/custom_msgs/msg/detail/utm_point__rosidl_typesupport_introspection_cpp.hpp
-- Up-to-date symlink: /home/nvidia/Motor-Controller-CAN/ros2_ws/install/custom_msgs/include/custom_msgs/custom_msgs/msg/detail/wheel_rpm__rosidl_typesupport_introspection_cpp.hpp
-- Up-to-date symlink: /home/nvidia/Motor-Controller-CAN/ros2_ws/install/custom_msgs/include/custom_msgs/custom_msgs/srv/detail/get_ptz_image__rosidl_typesupport_introspection_cpp.hpp
-- Up-to-date symlink: /home/nvidia/Motor-Controller-CAN/ros2_ws/install/custom_msgs/share/custom_msgs/environment/pythonpath.sh
-- Up-to-date symlink: /home/nvidia/Motor-Controller-CAN/ros2_ws/install/custom_msgs/share/custom_msgs/environment/pythonpath.dsv
-- Up-to-date symlink: /home/nvidia/Motor-Controller-CAN/ros2_ws/install/custom_msgs/local/lib/python3.10/dist-packages/custom_msgs-0.0.0-py3.10.egg-info/PKG-INFO
-- Up-to-date symlink: /home/nvidia/Motor-Controller-CAN/ros2_ws/install/custom_msgs/local/lib/python3.10/dist-packages/custom_msgs-0.0.0-py3.10.egg-info/SOURCES.txt
-- Up-to-date symlink: /home/nvidia/Motor-Controller-CAN/ros2_ws/install/custom_msgs/local/lib/python3.10/dist-packages/custom_msgs-0.0.0-py3.10.egg-info/dependency_links.txt
-- Up-to-date symlink: /home/nvidia/Motor-Controller-CAN/ros2_ws/install/custom_msgs/local/lib/python3.10/dist-packages/custom_msgs-0.0.0-py3.10.egg-info/top_level.txt
-- Up-to-date symlink: /home/nvidia/Motor-Controller-CAN/ros2_ws/install/custom_msgs/local/lib/python3.10/dist-packages/custom_msgs/__init__.py
-- Up-to-date symlink: /home/nvidia/Motor-Controller-CAN/ros2_ws/install/custom_msgs/local/lib/python3.10/dist-packages/custom_msgs/_custom_msgs_s.ep.rosidl_typesupport_c.c
-- Up-to-date symlink: /home/nvidia/Motor-Controller-CAN/ros2_ws/install/custom_msgs/local/lib/python3.10/dist-packages/custom_msgs/_custom_msgs_s.ep.rosidl_typesupport_fastrtps_c.c
-- Up-to-date symlink: /home/nvidia/Motor-Controller-CAN/ros2_ws/install/custom_msgs/local/lib/python3.10/dist-packages/custom_msgs/_custom_msgs_s.ep.rosidl_typesupport_introspection_c.c
-- Up-to-date symlink: /home/nvidia/Motor-Controller-CAN/ros2_ws/install/custom_msgs/local/lib/python3.10/dist-packages/custom_msgs/action/__init__.py
-- Up-to-date symlink: /home/nvidia/Motor-Controller-CAN/ros2_ws/install/custom_msgs/local/lib/python3.10/dist-packages/custom_msgs/action/_maps_distance.py
-- Up-to-date symlink: /home/nvidia/Motor-Controller-CAN/ros2_ws/install/custom_msgs/local/lib/python3.10/dist-packages/custom_msgs/action/_maps_distance_s.c
-- Up-to-date symlink: /home/nvidia/Motor-Controller-CAN/ros2_ws/install/custom_msgs/local/lib/python3.10/dist-packages/custom_msgs/custom_msgs_s__rosidl_typesupport_c.cpython-310-aarch64-linux-gnu.so
-- Up-to-date symlink: /home/nvidia/Motor-Controller-CAN/ros2_ws/install/custom_msgs/local/lib/python3.10/dist-packages/custom_msgs/custom_msgs_s__rosidl_typesupport_fastrtps_c.cpython-310-aarch64-linux-gnu.so
-- Up-to-date symlink: /home/nvidia/Motor-Controller-CAN/ros2_ws/install/custom_msgs/local/lib/python3.10/dist-packages/custom_msgs/custom_msgs_s__rosidl_typesupport_introspection_c.cpython-310-aarch64-linux-gnu.so
-- Up-to-date symlink: /home/nvidia/Motor-Controller-CAN/ros2_ws/install/custom_msgs/local/lib/python3.10/dist-packages/custom_msgs/libcustom_msgs__rosidl_generator_py.so
-- Up-to-date symlink: /home/nvidia/Motor-Controller-CAN/ros2_ws/install/custom_msgs/local/lib/python3.10/dist-packages/custom_msgs/msg/__init__.py
-- Up-to-date symlink: /home/nvidia/Motor-Controller-CAN/ros2_ws/install/custom_msgs/local/lib/python3.10/dist-packages/custom_msgs/msg/_camera_info.py
-- Up-to-date symlink: /home/nvidia/Motor-Controller-CAN/ros2_ws/install/custom_msgs/local/lib/python3.10/dist-packages/custom_msgs/msg/_camera_info_s.c
-- Up-to-date symlink: /home/nvidia/Motor-Controller-CAN/ros2_ws/install/custom_msgs/local/lib/python3.10/dist-packages/custom_msgs/msg/_utm_point.py
-- Up-to-date symlink: /home/nvidia/Motor-Controller-CAN/ros2_ws/install/custom_msgs/local/lib/python3.10/dist-packages/custom_msgs/msg/_utm_point_s.c
-- Up-to-date symlink: /home/nvidia/Motor-Controller-CAN/ros2_ws/install/custom_msgs/local/lib/python3.10/dist-packages/custom_msgs/msg/_wheel_rpm.py
-- Up-to-date symlink: /home/nvidia/Motor-Controller-CAN/ros2_ws/install/custom_msgs/local/lib/python3.10/dist-packages/custom_msgs/msg/_wheel_rpm_s.c
-- Up-to-date symlink: /home/nvidia/Motor-Controller-CAN/ros2_ws/install/custom_msgs/local/lib/python3.10/dist-packages/custom_msgs/srv/__init__.py
-- Up-to-date symlink: /home/nvidia/Motor-Controller-CAN/ros2_ws/install/custom_msgs/local/lib/python3.10/dist-packages/custom_msgs/srv/_get_ptz_image.py
-- Up-to-date symlink: /home/nvidia/Motor-Controller-CAN/ros2_ws/install/custom_msgs/local/lib/python3.10/dist-packages/custom_msgs/srv/_get_ptz_image_s.c
-- Up-to-date symlink: /home/nvidia/Motor-Controller-CAN/ros2_ws/install/custom_msgs/local/lib/python3.10/dist-packages/custom_msgs/custom_msgs_s__rosidl_typesupport_fastrtps_c.cpython-310-aarch64-linux-gnu.so
-- Up-to-date symlink: /home/nvidia/Motor-Controller-CAN/ros2_ws/install/custom_msgs/local/lib/python3.10/dist-packages/custom_msgs/custom_msgs_s__rosidl_typesupport_introspection_c.cpython-310-aarch64-linux-gnu.so
-- Up-to-date symlink: /home/nvidia/Motor-Controller-CAN/ros2_ws/install/custom_msgs/local/lib/python3.10/dist-packages/custom_msgs/custom_msgs_s__rosidl_typesupport_c.cpython-310-aarch64-linux-gnu.so
-- Up-to-date symlink: /home/nvidia/Motor-Controller-CAN/ros2_ws/install/custom_msgs/share/custom_msgs/msg/WheelRPM.idl
-- Up-to-date symlink: /home/nvidia/Motor-Controller-CAN/ros2_ws/install/custom_msgs/share/custom_msgs/msg/CameraInfo.idl
-- Up-to-date symlink: /home/nvidia/Motor-Controller-CAN/ros2_ws/install/custom_msgs/share/custom_msgs/msg/UTMPoint.idl
-- Up-to-date symlink: /home/nvidia/Motor-Controller-CAN/ros2_ws/install/custom_msgs/share/custom_msgs/srv/GetPTZImage.idl
-- Up-to-date symlink: /home/nvidia/Motor-Controller-CAN/ros2_ws/install/custom_msgs/share/custom_msgs/action/MapsDistance.idl
-- Up-to-date symlink: /home/nvidia/Motor-Controller-CAN/ros2_ws/install/custom_msgs/share/custom_msgs/msg/WheelRPM.msg
-- Up-to-date symlink: /home/nvidia/Motor-Controller-CAN/ros2_ws/install/custom_msgs/share/custom_msgs/msg/CameraInfo.msg
-- Up-to-date symlink: /home/nvidia/Motor-Controller-CAN/ros2_ws/install/custom_msgs/share/custom_msgs/msg/UTMPoint.msg
-- Up-to-date symlink: /home/nvidia/Motor-Controller-CAN/ros2_ws/install/custom_msgs/share/custom_msgs/srv/GetPTZImage.srv
-- Up-to-date symlink: /home/nvidia/Motor-Controller-CAN/ros2_ws/install/custom_msgs/share/custom_msgs/srv/GetPTZImage_Request.msg
-- Up-to-date symlink: /home/nvidia/Motor-Controller-CAN/ros2_ws/install/custom_msgs/share/custom_msgs/srv/GetPTZImage_Response.msg
-- Up-to-date symlink: /home/nvidia/Motor-Controller-CAN/ros2_ws/install/custom_msgs/share/custom_msgs/action/MapsDistance.action
-- Up-to-date symlink: /home/nvidia/Motor-Controller-CAN/ros2_ws/install/custom_msgs/share/ament_index/resource_index/package_run_dependencies/custom_msgs
-- Up-to-date symlink: /home/nvidia/Motor-Controller-CAN/ros2_ws/install/custom_msgs/share/ament_index/resource_index/parent_prefix_path/custom_msgs
-- Up-to-date symlink: /home/nvidia/Motor-Controller-CAN/ros2_ws/install/custom_msgs/share/custom_msgs/environment/ament_prefix_path.sh
-- Up-to-date symlink: /home/nvidia/Motor-Controller-CAN/ros2_ws/install/custom_msgs/share/custom_msgs/environment/ament_prefix_path.dsv
-- Up-to-date symlink: /home/nvidia/Motor-Controller-CAN/ros2_ws/install/custom_msgs/share/custom_msgs/environment/path.sh
-- Up-to-date symlink: /home/nvidia/Motor-Controller-CAN/ros2_ws/install/custom_msgs/share/custom_msgs/environment/path.dsv
-- Up-to-date symlink: /home/nvidia/Motor-Controller-CAN/ros2_ws/install/custom_msgs/share/custom_msgs/local_setup.bash
-- Up-to-date symlink: /home/nvidia/Motor-Controller-CAN/ros2_ws/install/custom_msgs/share/custom_msgs/local_setup.sh
-- Up-to-date symlink: /home/nvidia/Motor-Controller-CAN/ros2_ws/install/custom_msgs/share/custom_msgs/local_setup.zsh
-- Up-to-date symlink: /home/nvidia/Motor-Controller-CAN/ros2_ws/install/custom_msgs/share/custom_msgs/local_setup.dsv
-- Symlinking: /home/nvidia/Motor-Controller-CAN/ros2_ws/install/custom_msgs/share/custom_msgs/package.dsv
-- Up-to-date symlink: /home/nvidia/Motor-Controller-CAN/ros2_ws/install/custom_msgs/share/ament_index/resource_index/packages/custom_msgs
-- Up-to-date symlink: /home/nvidia/Motor-Controller-CAN/ros2_ws/install/custom_msgs/share/custom_msgs/cmake/rosidl_cmake-extras.cmake
-- Up-to-date symlink: /home/nvidia/Motor-Controller-CAN/ros2_ws/install/custom_msgs/share/custom_msgs/cmake/ament_cmake_export_dependencies-extras.cmake
-- Up-to-date symlink: /home/nvidia/Motor-Controller-CAN/ros2_ws/install/custom_msgs/share/custom_msgs/cmake/ament_cmake_export_include_directories-extras.cmake
-- Up-to-date symlink: /home/nvidia/Motor-Controller-CAN/ros2_ws/install/custom_msgs/share/custom_msgs/cmake/ament_cmake_export_libraries-extras.cmake
-- Up-to-date symlink: /home/nvidia/Motor-Controller-CAN/ros2_ws/install/custom_msgs/share/custom_msgs/cmake/ament_cmake_export_targets-extras.cmake
-- Up-to-date symlink: /home/nvidia/Motor-Controller-CAN/ros2_ws/install/custom_msgs/share/custom_msgs/cmake/rosidl_cmake_export_typesupport_targets-extras.cmake
-- Up-to-date symlink: /home/nvidia/Motor-Controller-CAN/ros2_ws/install/custom_msgs/share/custom_msgs/cmake/rosidl_cmake_export_typesupport_libraries-extras.cmake
-- Up-to-date symlink: /home/nvidia/Motor-Controller-CAN/ros2_ws/install/custom_msgs/share/custom_msgs/cmake/custom_msgsConfig.cmake
-- Up-to-date symlink: /home/nvidia/Motor-Controller-CAN/ros2_ws/install/custom_msgs/share/custom_msgs/cmake/custom_msgsConfig-version.cmake
-- Up-to-date symlink: /home/nvidia/Motor-Controller-CAN/ros2_ws/install/custom_msgs/share/custom_msgs/package.xml
-- Up-to-date: /home/nvidia/Motor-Controller-CAN/ros2_ws/install/custom_msgs/lib/libcustom_msgs__rosidl_generator_c.so
-- Up-to-date: /home/nvidia/Motor-Controller-CAN/ros2_ws/install/custom_msgs/lib/libcustom_msgs__rosidl_typesupport_fastrtps_c.so
-- Up-to-date: /home/nvidia/Motor-Controller-CAN/ros2_ws/install/custom_msgs/lib/libcustom_msgs__rosidl_typesupport_fastrtps_cpp.so
-- Up-to-date: /home/nvidia/Motor-Controller-CAN/ros2_ws/install/custom_msgs/lib/libcustom_msgs__rosidl_typesupport_introspection_c.so
-- Up-to-date: /home/nvidia/Motor-Controller-CAN/ros2_ws/install/custom_msgs/lib/libcustom_msgs__rosidl_typesupport_c.so
-- Up-to-date: /home/nvidia/Motor-Controller-CAN/ros2_ws/install/custom_msgs/lib/libcustom_msgs__rosidl_typesupport_introspection_cpp.so
-- Up-to-date: /home/nvidia/Motor-Controller-CAN/ros2_ws/install/custom_msgs/lib/libcustom_msgs__rosidl_typesupport_cpp.so
Listing '/home/nvidia/Motor-Controller-CAN/ros2_ws/install/custom_msgs/local/lib/python3.10/dist-packages/custom_msgs'...
Listing '/home/nvidia/Motor-Controller-CAN/ros2_ws/install/custom_msgs/local/lib/python3.10/dist-packages/custom_msgs/action'...
Listing '/home/nvidia/Motor-Controller-CAN/ros2_ws/install/custom_msgs/local/lib/python3.10/dist-packages/custom_msgs/msg'...
Listing '/home/nvidia/Motor-Controller-CAN/ros2_ws/install/custom_msgs/local/lib/python3.10/dist-packages/custom_msgs/srv'...
-- Up-to-date: /home/nvidia/Motor-Controller-CAN/ros2_ws/install/custom_msgs/lib/libcustom_msgs__rosidl_generator_py.so
-- Up-to-date: /home/nvidia/Motor-Controller-CAN/ros2_ws/install/custom_msgs/share/custom_msgs/cmake/export_custom_msgs__rosidl_generator_cExport.cmake
-- Up-to-date: /home/nvidia/Motor-Controller-CAN/ros2_ws/install/custom_msgs/share/custom_msgs/cmake/export_custom_msgs__rosidl_generator_cExport-noconfig.cmake
-- Up-to-date: /home/nvidia/Motor-Controller-CAN/ros2_ws/install/custom_msgs/share/custom_msgs/cmake/export_custom_msgs__rosidl_typesupport_fastrtps_cExport.cmake
-- Up-to-date: /home/nvidia/Motor-Controller-CAN/ros2_ws/install/custom_msgs/share/custom_msgs/cmake/export_custom_msgs__rosidl_typesupport_fastrtps_cExport-noconfig.cmake
-- Up-to-date: /home/nvidia/Motor-Controller-CAN/ros2_ws/install/custom_msgs/share/custom_msgs/cmake/export_custom_msgs__rosidl_generator_cppExport.cmake
-- Up-to-date: /home/nvidia/Motor-Controller-CAN/ros2_ws/install/custom_msgs/share/custom_msgs/cmake/export_custom_msgs__rosidl_typesupport_fastrtps_cppExport.cmake
-- Up-to-date: /home/nvidia/Motor-Controller-CAN/ros2_ws/install/custom_msgs/share/custom_msgs/cmake/export_custom_msgs__rosidl_typesupport_fastrtps_cppExport-noconfig.cmake
-- Up-to-date: /home/nvidia/Motor-Controller-CAN/ros2_ws/install/custom_msgs/share/custom_msgs/cmake/custom_msgs__rosidl_typesupport_introspection_cExport.cmake
-- Up-to-date: /home/nvidia/Motor-Controller-CAN/ros2_ws/install/custom_msgs/share/custom_msgs/cmake/custom_msgs__rosidl_typesupport_introspection_cExport-noconfig.cmake
-- Up-to-date: /home/nvidia/Motor-Controller-CAN/ros2_ws/install/custom_msgs/share/custom_msgs/cmake/custom_msgs__rosidl_typesupport_cExport.cmake
-- Up-to-date: /home/nvidia/Motor-Controller-CAN/ros2_ws/install/custom_msgs/share/custom_msgs/cmake/custom_msgs__rosidl_typesupport_cExport-noconfig.cmake
-- Up-to-date: /home/nvidia/Motor-Controller-CAN/ros2_ws/install/custom_msgs/share/custom_msgs/cmake/custom_msgs__rosidl_typesupport_introspection_cppExport.cmake
-- Up-to-date: /home/nvidia/Motor-Controller-CAN/ros2_ws/install/custom_msgs/share/custom_msgs/cmake/custom_msgs__rosidl_typesupport_introspection_cppExport-noconfig.cmake
-- Up-to-date: /home/nvidia/Motor-Controller-CAN/ros2_ws/install/custom_msgs/share/custom_msgs/cmake/custom_msgs__rosidl_typesupport_cppExport.cmake
-- Up-to-date: /home/nvidia/Motor-Controller-CAN/ros2_ws/install/custom_msgs/share/custom_msgs/cmake/custom_msgs__rosidl_typesupport_cppExport-noconfig.cmake
-- Up-to-date: /home/nvidia/Motor-Controller-CAN/ros2_ws/install/custom_msgs/share/custom_msgs/cmake/export_custom_msgs__rosidl_generator_pyExport.cmake
-- Up-to-date: /home/nvidia/Motor-Controller-CAN/ros2_ws/install/custom_msgs/share/custom_msgs/cmake/export_custom_msgs__rosidl_generator_pyExport-noconfig.cmake
