[0.298s] Invoking command in '/home/krri/Motor-Controller-CAN/ros2_ws/build/custom_msgs': CMAKE_PREFIX_PATH=/home/krri/Motor-Controller-CAN/ros2_ws/install/can_test:/opt/ros/humble /usr/bin/cmake /home/krri/Motor-Controller-CAN/ros2_ws/src/custom_msgs -DAMENT_CMAKE_SYMLINK_INSTALL=1 -DCMAKE_INSTALL_PREFIX=/home/krri/Motor-Controller-CAN/ros2_ws/install/custom_msgs
[0.392s] -- The C compiler identification is GNU 11.4.0
[0.517s] -- The CXX compiler identification is GNU 11.4.0
[0.528s] -- Detecting C compiler ABI info
[0.605s] -- Detecting C compiler ABI info - done
[0.611s] -- Check for working C compiler: /usr/bin/cc - skipped
[0.612s] -- Detecting C compile features
[0.614s] -- Detecting C compile features - done
[0.617s] -- Detecting CXX compiler ABI info
[0.701s] -- Detecting CXX compiler ABI info - done
[0.710s] -- Check for working CXX compiler: /usr/bin/c++ - skipped
[0.710s] -- Detecting CXX compile features
[0.711s] -- Detecting CXX compile features - done
[0.719s] -- Found ament_cmake: 1.3.12 (/opt/ros/humble/share/ament_cmake/cmake)
[0.889s] -- Found Python3: /usr/bin/python3 (found version "3.10.12") found components: Interpreter 
[0.966s] -- Override CMake install command with custom implementation using symlinks instead of copying resources
[1.006s] -- Found std_msgs: 4.9.0 (/opt/ros/humble/share/std_msgs/cmake)
[1.062s] -- Found rosidl_generator_c: 3.1.7 (/opt/ros/humble/share/rosidl_generator_c/cmake)
[1.068s] -- Found rosidl_adapter: 3.1.7 (/opt/ros/humble/share/rosidl_adapter/cmake)
[1.082s] -- Found rosidl_generator_cpp: 3.1.7 (/opt/ros/humble/share/rosidl_generator_cpp/cmake)
[1.101s] -- Using all available rosidl_typesupport_c: rosidl_typesupport_fastrtps_c;rosidl_typesupport_introspection_c
[1.126s] -- Using all available rosidl_typesupport_cpp: rosidl_typesupport_fastrtps_cpp;rosidl_typesupport_introspection_cpp
[1.159s] -- Found sensor_msgs: 4.9.0 (/opt/ros/humble/share/sensor_msgs/cmake)
[1.200s] -- Found rosidl_default_generators: 1.2.0 (/opt/ros/humble/share/rosidl_default_generators/cmake)
[1.590s] -- Found ament_cmake_ros: 0.10.0 (/opt/ros/humble/share/ament_cmake_ros/cmake)
[2.085s] -- Using all available rosidl_typesupport_c: rosidl_typesupport_fastrtps_c;rosidl_typesupport_introspection_c
[2.274s] -- Using all available rosidl_typesupport_cpp: rosidl_typesupport_fastrtps_cpp;rosidl_typesupport_introspection_cpp
[2.297s] -- Found PythonInterp: /usr/bin/python3 (found suitable version "3.10.12", minimum required is "3.6") 
[2.300s] -- Found python_cmake_module: 0.10.0 (/opt/ros/humble/share/python_cmake_module/cmake)
[2.327s] -- Found PythonLibs: /usr/lib/x86_64-linux-gnu/libpython3.10.so (found suitable version "3.10.12", minimum required is "3.5") 
[2.327s] -- Using PYTHON_EXECUTABLE: /usr/bin/python3
[2.327s] -- Using PYTHON_INCLUDE_DIRS: /usr/include/python3.10
[2.327s] -- Using PYTHON_LIBRARIES: /usr/lib/x86_64-linux-gnu/libpython3.10.so
[2.349s] -- Found PythonExtra: .so  
[2.432s] -- Found ament_lint_auto: 0.12.14 (/opt/ros/humble/share/ament_lint_auto/cmake)
[2.461s] -- Added test 'lint_cmake' to check CMake code style
[2.463s] -- Added test 'xmllint' to check XML markup files
[2.467s] -- Configuring done
[2.514s] -- Generating done
[2.528s] -- Build files have been written to: /home/krri/Motor-Controller-CAN/ros2_ws/build/custom_msgs
[2.537s] Invoked command in '/home/krri/Motor-Controller-CAN/ros2_ws/build/custom_msgs' returned '0': CMAKE_PREFIX_PATH=/home/krri/Motor-Controller-CAN/ros2_ws/install/can_test:/opt/ros/humble /usr/bin/cmake /home/krri/Motor-Controller-CAN/ros2_ws/src/custom_msgs -DAMENT_CMAKE_SYMLINK_INSTALL=1 -DCMAKE_INSTALL_PREFIX=/home/krri/Motor-Controller-CAN/ros2_ws/install/custom_msgs
[2.539s] Invoking command in '/home/krri/Motor-Controller-CAN/ros2_ws/build/custom_msgs': CMAKE_PREFIX_PATH=/home/krri/Motor-Controller-CAN/ros2_ws/install/can_test:/opt/ros/humble /usr/bin/cmake --build /home/krri/Motor-Controller-CAN/ros2_ws/build/custom_msgs -- -j4 -l4
[2.580s] [  1%] [34m[1mGenerating C code for ROS interfaces[0m
[2.591s] [  3%] [34m[1mGenerating C++ code for ROS interfaces[0m
[2.599s] [  3%] Built target ament_cmake_python_symlink_custom_msgs
[2.895s] running egg_info
[2.895s] creating custom_msgs.egg-info
[2.895s] writing custom_msgs.egg-info/PKG-INFO
[2.895s] writing dependency_links to custom_msgs.egg-info/dependency_links.txt
[2.895s] writing top-level names to custom_msgs.egg-info/top_level.txt
[2.896s] writing manifest file 'custom_msgs.egg-info/SOURCES.txt'
[2.898s] reading manifest file 'custom_msgs.egg-info/SOURCES.txt'
[2.899s] writing manifest file 'custom_msgs.egg-info/SOURCES.txt'
[2.929s] [  3%] Built target ament_cmake_python_build_custom_msgs_egg
[3.475s] [  3%] Built target custom_msgs__cpp
[3.486s] [  4%] [34m[1mGenerating C++ type support dispatch for ROS interfaces[0m
[3.493s] [  7%] [34m[1mGenerating C++ type support for eProsima Fast-RTPS[0m
[3.493s] [  7%] [34m[1mGenerating C++ introspection for ROS interfaces[0m
[3.506s] [  9%] [32mBuilding C object CMakeFiles/custom_msgs__rosidl_generator_c.dir/rosidl_generator_c/custom_msgs/msg/detail/wheel_rpm__functions.c.o[0m
[3.564s] [ 11%] [32mBuilding C object CMakeFiles/custom_msgs__rosidl_generator_c.dir/rosidl_generator_c/custom_msgs/msg/detail/camera_info__functions.c.o[0m
[3.615s] [ 12%] [32mBuilding C object CMakeFiles/custom_msgs__rosidl_generator_c.dir/rosidl_generator_c/custom_msgs/msg/detail/utm_point__functions.c.o[0m
[3.677s] [ 14%] [32mBuilding C object CMakeFiles/custom_msgs__rosidl_generator_c.dir/rosidl_generator_c/custom_msgs/srv/detail/get_ptz_image__functions.c.o[0m
[3.747s] [ 15%] [32mBuilding C object CMakeFiles/custom_msgs__rosidl_generator_c.dir/rosidl_generator_c/custom_msgs/action/detail/maps_distance__functions.c.o[0m
[3.881s] [ 17%] [32m[1mLinking C shared library libcustom_msgs__rosidl_generator_c.so[0m
[3.929s] [ 17%] Built target custom_msgs__rosidl_generator_c
[3.939s] [ 19%] [34m[1mGenerating C type support for eProsima Fast-RTPS[0m
[4.110s] [ 20%] [32mBuilding CXX object CMakeFiles/custom_msgs__rosidl_typesupport_cpp.dir/rosidl_typesupport_cpp/custom_msgs/msg/wheel_rpm__type_support.cpp.o[0m
[4.257s] [ 22%] [32mBuilding CXX object CMakeFiles/custom_msgs__rosidl_typesupport_introspection_cpp.dir/rosidl_typesupport_introspection_cpp/custom_msgs/msg/detail/wheel_rpm__type_support.cpp.o[0m
[4.336s] [ 23%] [32mBuilding CXX object CMakeFiles/custom_msgs__rosidl_typesupport_fastrtps_cpp.dir/rosidl_typesupport_fastrtps_cpp/custom_msgs/msg/detail/dds_fastrtps/wheel_rpm__type_support.cpp.o[0m
[4.447s] [ 25%] [32mBuilding CXX object CMakeFiles/custom_msgs__rosidl_typesupport_cpp.dir/rosidl_typesupport_cpp/custom_msgs/msg/camera_info__type_support.cpp.o[0m
[4.676s] [ 26%] [32mBuilding CXX object CMakeFiles/custom_msgs__rosidl_typesupport_introspection_cpp.dir/rosidl_typesupport_introspection_cpp/custom_msgs/msg/detail/camera_info__type_support.cpp.o[0m
[4.736s] [ 28%] [32mBuilding CXX object CMakeFiles/custom_msgs__rosidl_typesupport_cpp.dir/rosidl_typesupport_cpp/custom_msgs/msg/utm_point__type_support.cpp.o[0m
[4.753s] [ 30%] [32mBuilding CXX object CMakeFiles/custom_msgs__rosidl_typesupport_fastrtps_c.dir/rosidl_typesupport_fastrtps_c/custom_msgs/msg/detail/wheel_rpm__type_support_c.cpp.o[0m
[4.767s] [ 31%] [32mBuilding CXX object CMakeFiles/custom_msgs__rosidl_typesupport_fastrtps_cpp.dir/rosidl_typesupport_fastrtps_cpp/custom_msgs/msg/detail/dds_fastrtps/camera_info__type_support.cpp.o[0m
[5.034s] [ 33%] [32mBuilding CXX object CMakeFiles/custom_msgs__rosidl_typesupport_cpp.dir/rosidl_typesupport_cpp/custom_msgs/srv/get_ptz_image__type_support.cpp.o[0m
[5.073s] [ 34%] [32mBuilding CXX object CMakeFiles/custom_msgs__rosidl_typesupport_introspection_cpp.dir/rosidl_typesupport_introspection_cpp/custom_msgs/msg/detail/utm_point__type_support.cpp.o[0m
[5.099s] [ 36%] [32mBuilding CXX object CMakeFiles/custom_msgs__rosidl_typesupport_fastrtps_c.dir/rosidl_typesupport_fastrtps_c/custom_msgs/msg/detail/camera_info__type_support_c.cpp.o[0m
[5.181s] [ 38%] [32mBuilding CXX object CMakeFiles/custom_msgs__rosidl_typesupport_fastrtps_cpp.dir/rosidl_typesupport_fastrtps_cpp/custom_msgs/msg/detail/dds_fastrtps/utm_point__type_support.cpp.o[0m
[5.330s] [ 39%] [32mBuilding CXX object CMakeFiles/custom_msgs__rosidl_typesupport_cpp.dir/rosidl_typesupport_cpp/custom_msgs/action/maps_distance__type_support.cpp.o[0m
[5.442s] [ 41%] [32mBuilding CXX object CMakeFiles/custom_msgs__rosidl_typesupport_fastrtps_c.dir/rosidl_typesupport_fastrtps_c/custom_msgs/msg/detail/utm_point__type_support_c.cpp.o[0m
[5.482s] [ 42%] [32mBuilding CXX object CMakeFiles/custom_msgs__rosidl_typesupport_introspection_cpp.dir/rosidl_typesupport_introspection_cpp/custom_msgs/srv/detail/get_ptz_image__type_support.cpp.o[0m
[5.596s] [ 44%] [32mBuilding CXX object CMakeFiles/custom_msgs__rosidl_typesupport_fastrtps_cpp.dir/rosidl_typesupport_fastrtps_cpp/custom_msgs/srv/detail/dds_fastrtps/get_ptz_image__type_support.cpp.o[0m
[5.812s] [ 46%] [32mBuilding CXX object CMakeFiles/custom_msgs__rosidl_typesupport_fastrtps_c.dir/rosidl_typesupport_fastrtps_c/custom_msgs/srv/detail/get_ptz_image__type_support_c.cpp.o[0m
[5.828s] [ 47%] [32m[1mLinking CXX shared library libcustom_msgs__rosidl_typesupport_cpp.so[0m
[5.927s] [ 47%] Built target custom_msgs__rosidl_typesupport_cpp
[5.937s] [ 49%] [32mBuilding CXX object CMakeFiles/custom_msgs__rosidl_typesupport_fastrtps_cpp.dir/rosidl_typesupport_fastrtps_cpp/custom_msgs/action/detail/dds_fastrtps/maps_distance__type_support.cpp.o[0m
[5.967s] [ 50%] [32mBuilding CXX object CMakeFiles/custom_msgs__rosidl_typesupport_introspection_cpp.dir/rosidl_typesupport_introspection_cpp/custom_msgs/action/detail/maps_distance__type_support.cpp.o[0m
[6.119s] [ 52%] [32mBuilding CXX object CMakeFiles/custom_msgs__rosidl_typesupport_fastrtps_c.dir/rosidl_typesupport_fastrtps_c/custom_msgs/action/detail/maps_distance__type_support_c.cpp.o[0m
[6.233s] [ 53%] [34m[1mGenerating C introspection for ROS interfaces[0m
[6.544s] [ 55%] [32m[1mLinking CXX shared library libcustom_msgs__rosidl_typesupport_fastrtps_cpp.so[0m
[6.573s] [ 57%] [32m[1mLinking CXX shared library libcustom_msgs__rosidl_typesupport_fastrtps_c.so[0m
[6.607s] [ 58%] [32m[1mLinking CXX shared library libcustom_msgs__rosidl_typesupport_introspection_cpp.so[0m
[6.680s] [ 58%] Built target custom_msgs__rosidl_typesupport_fastrtps_cpp
[6.691s] [ 60%] [34m[1mGenerating C type support dispatch for ROS interfaces[0m
[6.702s] [ 60%] Built target custom_msgs__rosidl_typesupport_fastrtps_c
[6.721s] [ 60%] Built target custom_msgs__rosidl_typesupport_introspection_cpp
[6.977s] [ 63%] [32mBuilding C object CMakeFiles/custom_msgs__rosidl_typesupport_introspection_c.dir/rosidl_typesupport_introspection_c/custom_msgs/msg/detail/utm_point__type_support.c.o[0m
[6.979s] [ 65%] [32mBuilding C object CMakeFiles/custom_msgs__rosidl_typesupport_introspection_c.dir/rosidl_typesupport_introspection_c/custom_msgs/msg/detail/camera_info__type_support.c.o[0m
[6.979s] [ 65%] [32mBuilding C object CMakeFiles/custom_msgs__rosidl_typesupport_introspection_c.dir/rosidl_typesupport_introspection_c/custom_msgs/msg/detail/wheel_rpm__type_support.c.o[0m
[7.015s] [ 66%] [32mBuilding C object CMakeFiles/custom_msgs__rosidl_typesupport_introspection_c.dir/rosidl_typesupport_introspection_c/custom_msgs/srv/detail/get_ptz_image__type_support.c.o[0m
[7.018s] [ 68%] [32mBuilding C object CMakeFiles/custom_msgs__rosidl_typesupport_introspection_c.dir/rosidl_typesupport_introspection_c/custom_msgs/action/detail/maps_distance__type_support.c.o[0m
[7.071s] [ 69%] [32m[1mLinking C shared library libcustom_msgs__rosidl_typesupport_introspection_c.so[0m
[7.111s] [ 69%] Built target custom_msgs__rosidl_typesupport_introspection_c
[7.230s] [ 74%] [32mBuilding CXX object CMakeFiles/custom_msgs__rosidl_typesupport_c.dir/rosidl_typesupport_c/custom_msgs/msg/utm_point__type_support.cpp.o[0m
[7.230s] [ 74%] [32mBuilding CXX object CMakeFiles/custom_msgs__rosidl_typesupport_c.dir/rosidl_typesupport_c/custom_msgs/msg/camera_info__type_support.cpp.o[0m
[7.230s] [ 74%] [32mBuilding CXX object CMakeFiles/custom_msgs__rosidl_typesupport_c.dir/rosidl_typesupport_c/custom_msgs/msg/wheel_rpm__type_support.cpp.o[0m
[7.230s] [ 76%] [32mBuilding CXX object CMakeFiles/custom_msgs__rosidl_typesupport_c.dir/rosidl_typesupport_c/custom_msgs/srv/get_ptz_image__type_support.cpp.o[0m
[7.264s] [ 77%] [32mBuilding CXX object CMakeFiles/custom_msgs__rosidl_typesupport_c.dir/rosidl_typesupport_c/custom_msgs/action/maps_distance__type_support.cpp.o[0m
[7.318s] [ 79%] [32m[1mLinking CXX shared library libcustom_msgs__rosidl_typesupport_c.so[0m
[7.363s] [ 79%] Built target custom_msgs__rosidl_typesupport_c
[7.383s] [ 79%] Built target custom_msgs
[7.404s] [ 80%] [34m[1mGenerating Python code for ROS interfaces[0m
[8.776s] [ 80%] Built target custom_msgs__py
[8.798s] [ 87%] [32mBuilding C object CMakeFiles/custom_msgs__rosidl_generator_py.dir/rosidl_generator_py/custom_msgs/msg/_wheel_rpm_s.c.o[0m
[8.798s] [ 87%] [32mBuilding C object CMakeFiles/custom_msgs__rosidl_generator_py.dir/rosidl_generator_py/custom_msgs/srv/_get_ptz_image_s.c.o[0m
[8.798s] [ 87%] [32mBuilding C object CMakeFiles/custom_msgs__rosidl_generator_py.dir/rosidl_generator_py/custom_msgs/msg/_camera_info_s.c.o[0m
[8.798s] [ 87%] [32mBuilding C object CMakeFiles/custom_msgs__rosidl_generator_py.dir/rosidl_generator_py/custom_msgs/msg/_utm_point_s.c.o[0m
[8.926s] [ 88%] [32mBuilding C object CMakeFiles/custom_msgs__rosidl_generator_py.dir/rosidl_generator_py/custom_msgs/action/_maps_distance_s.c.o[0m
[9.068s] [ 90%] [32m[1mLinking C shared library rosidl_generator_py/custom_msgs/libcustom_msgs__rosidl_generator_py.so[0m
[9.116s] [ 90%] Built target custom_msgs__rosidl_generator_py
[9.136s] [ 95%] [32mBuilding C object CMakeFiles/custom_msgs__rosidl_typesupport_introspection_c__pyext.dir/rosidl_generator_py/custom_msgs/_custom_msgs_s.ep.rosidl_typesupport_introspection_c.c.o[0m
[9.136s] [ 95%] [32mBuilding C object CMakeFiles/custom_msgs__rosidl_typesupport_fastrtps_c__pyext.dir/rosidl_generator_py/custom_msgs/_custom_msgs_s.ep.rosidl_typesupport_fastrtps_c.c.o[0m
[9.137s] [ 95%] [32mBuilding C object CMakeFiles/custom_msgs__rosidl_typesupport_c__pyext.dir/rosidl_generator_py/custom_msgs/_custom_msgs_s.ep.rosidl_typesupport_c.c.o[0m
[9.284s] [ 98%] [32m[1mLinking C shared library rosidl_generator_py/custom_msgs/custom_msgs_s__rosidl_typesupport_introspection_c.cpython-310-x86_64-linux-gnu.so[0m
[9.284s] [ 98%] [32m[1mLinking C shared library rosidl_generator_py/custom_msgs/custom_msgs_s__rosidl_typesupport_c.cpython-310-x86_64-linux-gnu.so[0m
[9.284s] [100%] [32m[1mLinking C shared library rosidl_generator_py/custom_msgs/custom_msgs_s__rosidl_typesupport_fastrtps_c.cpython-310-x86_64-linux-gnu.so[0m
[9.333s] [100%] Built target custom_msgs__rosidl_typesupport_c__pyext
[9.334s] [100%] Built target custom_msgs__rosidl_typesupport_introspection_c__pyext
[9.334s] [100%] Built target custom_msgs__rosidl_typesupport_fastrtps_c__pyext
[9.347s] Invoked command in '/home/krri/Motor-Controller-CAN/ros2_ws/build/custom_msgs' returned '0': CMAKE_PREFIX_PATH=/home/krri/Motor-Controller-CAN/ros2_ws/install/can_test:/opt/ros/humble /usr/bin/cmake --build /home/krri/Motor-Controller-CAN/ros2_ws/build/custom_msgs -- -j4 -l4
[9.357s] Invoking command in '/home/krri/Motor-Controller-CAN/ros2_ws/build/custom_msgs': CMAKE_PREFIX_PATH=/home/krri/Motor-Controller-CAN/ros2_ws/install/can_test:/opt/ros/humble /usr/bin/cmake --install /home/krri/Motor-Controller-CAN/ros2_ws/build/custom_msgs
[9.364s] -- Install configuration: ""
[9.365s] -- Execute custom install script
[9.365s] -- Symlinking: /home/krri/Motor-Controller-CAN/ros2_ws/install/custom_msgs/share/ament_index/resource_index/rosidl_interfaces/custom_msgs
[9.375s] -- Symlinking: /home/krri/Motor-Controller-CAN/ros2_ws/install/custom_msgs/include/custom_msgs/custom_msgs/action/detail/maps_distance__functions.h
[9.383s] -- Symlinking: /home/krri/Motor-Controller-CAN/ros2_ws/install/custom_msgs/include/custom_msgs/custom_msgs/action/detail/maps_distance__struct.h
[9.391s] -- Symlinking: /home/krri/Motor-Controller-CAN/ros2_ws/install/custom_msgs/include/custom_msgs/custom_msgs/action/detail/maps_distance__type_support.h
[9.399s] -- Symlinking: /home/krri/Motor-Controller-CAN/ros2_ws/install/custom_msgs/include/custom_msgs/custom_msgs/action/maps_distance.h
[9.408s] -- Symlinking: /home/krri/Motor-Controller-CAN/ros2_ws/install/custom_msgs/include/custom_msgs/custom_msgs/msg/camera_info.h
[9.417s] -- Symlinking: /home/krri/Motor-Controller-CAN/ros2_ws/install/custom_msgs/include/custom_msgs/custom_msgs/msg/detail/camera_info__functions.h
[9.425s] -- Symlinking: /home/krri/Motor-Controller-CAN/ros2_ws/install/custom_msgs/include/custom_msgs/custom_msgs/msg/detail/camera_info__struct.h
[9.434s] -- Symlinking: /home/krri/Motor-Controller-CAN/ros2_ws/install/custom_msgs/include/custom_msgs/custom_msgs/msg/detail/camera_info__type_support.h
[9.442s] -- Symlinking: /home/krri/Motor-Controller-CAN/ros2_ws/install/custom_msgs/include/custom_msgs/custom_msgs/msg/detail/utm_point__functions.h
[9.451s] -- Symlinking: /home/krri/Motor-Controller-CAN/ros2_ws/install/custom_msgs/include/custom_msgs/custom_msgs/msg/detail/utm_point__struct.h
[9.459s] -- Symlinking: /home/krri/Motor-Controller-CAN/ros2_ws/install/custom_msgs/include/custom_msgs/custom_msgs/msg/detail/utm_point__type_support.h
[9.468s] -- Symlinking: /home/krri/Motor-Controller-CAN/ros2_ws/install/custom_msgs/include/custom_msgs/custom_msgs/msg/detail/wheel_rpm__functions.h
[9.476s] -- Symlinking: /home/krri/Motor-Controller-CAN/ros2_ws/install/custom_msgs/include/custom_msgs/custom_msgs/msg/detail/wheel_rpm__struct.h
[9.484s] -- Symlinking: /home/krri/Motor-Controller-CAN/ros2_ws/install/custom_msgs/include/custom_msgs/custom_msgs/msg/detail/wheel_rpm__type_support.h
[9.492s] -- Symlinking: /home/krri/Motor-Controller-CAN/ros2_ws/install/custom_msgs/include/custom_msgs/custom_msgs/msg/rosidl_generator_c__visibility_control.h
[9.501s] -- Symlinking: /home/krri/Motor-Controller-CAN/ros2_ws/install/custom_msgs/include/custom_msgs/custom_msgs/msg/utm_point.h
[9.509s] -- Symlinking: /home/krri/Motor-Controller-CAN/ros2_ws/install/custom_msgs/include/custom_msgs/custom_msgs/msg/wheel_rpm.h
[9.518s] -- Symlinking: /home/krri/Motor-Controller-CAN/ros2_ws/install/custom_msgs/include/custom_msgs/custom_msgs/srv/detail/get_ptz_image__functions.h
[9.526s] -- Symlinking: /home/krri/Motor-Controller-CAN/ros2_ws/install/custom_msgs/include/custom_msgs/custom_msgs/srv/detail/get_ptz_image__struct.h
[9.535s] -- Symlinking: /home/krri/Motor-Controller-CAN/ros2_ws/install/custom_msgs/include/custom_msgs/custom_msgs/srv/detail/get_ptz_image__type_support.h
[9.543s] -- Symlinking: /home/krri/Motor-Controller-CAN/ros2_ws/install/custom_msgs/include/custom_msgs/custom_msgs/srv/get_ptz_image.h
[9.552s] -- Symlinking: /home/krri/Motor-Controller-CAN/ros2_ws/install/custom_msgs/share/custom_msgs/environment/library_path.sh
[9.560s] -- Symlinking: /home/krri/Motor-Controller-CAN/ros2_ws/install/custom_msgs/share/custom_msgs/environment/library_path.dsv
[9.569s] -- Symlinking: /home/krri/Motor-Controller-CAN/ros2_ws/install/custom_msgs/include/custom_msgs/custom_msgs/action/detail/maps_distance__rosidl_typesupport_fastrtps_c.h
[9.578s] -- Symlinking: /home/krri/Motor-Controller-CAN/ros2_ws/install/custom_msgs/include/custom_msgs/custom_msgs/msg/detail/camera_info__rosidl_typesupport_fastrtps_c.h
[9.586s] -- Symlinking: /home/krri/Motor-Controller-CAN/ros2_ws/install/custom_msgs/include/custom_msgs/custom_msgs/msg/detail/utm_point__rosidl_typesupport_fastrtps_c.h
[9.594s] -- Symlinking: /home/krri/Motor-Controller-CAN/ros2_ws/install/custom_msgs/include/custom_msgs/custom_msgs/msg/detail/wheel_rpm__rosidl_typesupport_fastrtps_c.h
[9.603s] -- Symlinking: /home/krri/Motor-Controller-CAN/ros2_ws/install/custom_msgs/include/custom_msgs/custom_msgs/msg/rosidl_typesupport_fastrtps_c__visibility_control.h
[9.611s] -- Symlinking: /home/krri/Motor-Controller-CAN/ros2_ws/install/custom_msgs/include/custom_msgs/custom_msgs/srv/detail/get_ptz_image__rosidl_typesupport_fastrtps_c.h
[9.621s] -- Symlinking: /home/krri/Motor-Controller-CAN/ros2_ws/install/custom_msgs/include/custom_msgs/custom_msgs/action/detail/maps_distance__builder.hpp
[9.629s] -- Symlinking: /home/krri/Motor-Controller-CAN/ros2_ws/install/custom_msgs/include/custom_msgs/custom_msgs/action/detail/maps_distance__struct.hpp
[9.638s] -- Symlinking: /home/krri/Motor-Controller-CAN/ros2_ws/install/custom_msgs/include/custom_msgs/custom_msgs/action/detail/maps_distance__traits.hpp
[9.646s] -- Symlinking: /home/krri/Motor-Controller-CAN/ros2_ws/install/custom_msgs/include/custom_msgs/custom_msgs/action/detail/maps_distance__type_support.hpp
[9.655s] -- Symlinking: /home/krri/Motor-Controller-CAN/ros2_ws/install/custom_msgs/include/custom_msgs/custom_msgs/action/maps_distance.hpp
[9.663s] -- Symlinking: /home/krri/Motor-Controller-CAN/ros2_ws/install/custom_msgs/include/custom_msgs/custom_msgs/msg/camera_info.hpp
[9.672s] -- Symlinking: /home/krri/Motor-Controller-CAN/ros2_ws/install/custom_msgs/include/custom_msgs/custom_msgs/msg/detail/camera_info__builder.hpp
[9.680s] -- Symlinking: /home/krri/Motor-Controller-CAN/ros2_ws/install/custom_msgs/include/custom_msgs/custom_msgs/msg/detail/camera_info__struct.hpp
[9.688s] -- Symlinking: /home/krri/Motor-Controller-CAN/ros2_ws/install/custom_msgs/include/custom_msgs/custom_msgs/msg/detail/camera_info__traits.hpp
[9.696s] -- Symlinking: /home/krri/Motor-Controller-CAN/ros2_ws/install/custom_msgs/include/custom_msgs/custom_msgs/msg/detail/camera_info__type_support.hpp
[9.705s] -- Symlinking: /home/krri/Motor-Controller-CAN/ros2_ws/install/custom_msgs/include/custom_msgs/custom_msgs/msg/detail/utm_point__builder.hpp
[9.713s] -- Symlinking: /home/krri/Motor-Controller-CAN/ros2_ws/install/custom_msgs/include/custom_msgs/custom_msgs/msg/detail/utm_point__struct.hpp
[9.722s] -- Symlinking: /home/krri/Motor-Controller-CAN/ros2_ws/install/custom_msgs/include/custom_msgs/custom_msgs/msg/detail/utm_point__traits.hpp
[9.730s] -- Symlinking: /home/krri/Motor-Controller-CAN/ros2_ws/install/custom_msgs/include/custom_msgs/custom_msgs/msg/detail/utm_point__type_support.hpp
[9.739s] -- Symlinking: /home/krri/Motor-Controller-CAN/ros2_ws/install/custom_msgs/include/custom_msgs/custom_msgs/msg/detail/wheel_rpm__builder.hpp
[9.748s] -- Symlinking: /home/krri/Motor-Controller-CAN/ros2_ws/install/custom_msgs/include/custom_msgs/custom_msgs/msg/detail/wheel_rpm__struct.hpp
[9.757s] -- Symlinking: /home/krri/Motor-Controller-CAN/ros2_ws/install/custom_msgs/include/custom_msgs/custom_msgs/msg/detail/wheel_rpm__traits.hpp
[9.766s] -- Symlinking: /home/krri/Motor-Controller-CAN/ros2_ws/install/custom_msgs/include/custom_msgs/custom_msgs/msg/detail/wheel_rpm__type_support.hpp
[9.774s] -- Symlinking: /home/krri/Motor-Controller-CAN/ros2_ws/install/custom_msgs/include/custom_msgs/custom_msgs/msg/rosidl_generator_cpp__visibility_control.hpp
[9.783s] -- Symlinking: /home/krri/Motor-Controller-CAN/ros2_ws/install/custom_msgs/include/custom_msgs/custom_msgs/msg/utm_point.hpp
[9.791s] -- Symlinking: /home/krri/Motor-Controller-CAN/ros2_ws/install/custom_msgs/include/custom_msgs/custom_msgs/msg/wheel_rpm.hpp
[9.800s] -- Symlinking: /home/krri/Motor-Controller-CAN/ros2_ws/install/custom_msgs/include/custom_msgs/custom_msgs/srv/detail/get_ptz_image__builder.hpp
[9.809s] -- Symlinking: /home/krri/Motor-Controller-CAN/ros2_ws/install/custom_msgs/include/custom_msgs/custom_msgs/srv/detail/get_ptz_image__struct.hpp
[9.817s] -- Symlinking: /home/krri/Motor-Controller-CAN/ros2_ws/install/custom_msgs/include/custom_msgs/custom_msgs/srv/detail/get_ptz_image__traits.hpp
[9.826s] -- Symlinking: /home/krri/Motor-Controller-CAN/ros2_ws/install/custom_msgs/include/custom_msgs/custom_msgs/srv/detail/get_ptz_image__type_support.hpp
[9.835s] -- Symlinking: /home/krri/Motor-Controller-CAN/ros2_ws/install/custom_msgs/include/custom_msgs/custom_msgs/srv/get_ptz_image.hpp
[9.844s] -- Symlinking: /home/krri/Motor-Controller-CAN/ros2_ws/install/custom_msgs/include/custom_msgs/custom_msgs/action/detail/maps_distance__rosidl_typesupport_fastrtps_cpp.hpp
[9.854s] -- Symlinking: /home/krri/Motor-Controller-CAN/ros2_ws/install/custom_msgs/include/custom_msgs/custom_msgs/msg/detail/camera_info__rosidl_typesupport_fastrtps_cpp.hpp
[9.862s] -- Symlinking: /home/krri/Motor-Controller-CAN/ros2_ws/install/custom_msgs/include/custom_msgs/custom_msgs/msg/detail/utm_point__rosidl_typesupport_fastrtps_cpp.hpp
[9.871s] -- Symlinking: /home/krri/Motor-Controller-CAN/ros2_ws/install/custom_msgs/include/custom_msgs/custom_msgs/msg/detail/wheel_rpm__rosidl_typesupport_fastrtps_cpp.hpp
[9.879s] -- Symlinking: /home/krri/Motor-Controller-CAN/ros2_ws/install/custom_msgs/include/custom_msgs/custom_msgs/msg/rosidl_typesupport_fastrtps_cpp__visibility_control.h
[9.888s] -- Symlinking: /home/krri/Motor-Controller-CAN/ros2_ws/install/custom_msgs/include/custom_msgs/custom_msgs/srv/detail/get_ptz_image__rosidl_typesupport_fastrtps_cpp.hpp
[9.896s] -- Symlinking: /home/krri/Motor-Controller-CAN/ros2_ws/install/custom_msgs/include/custom_msgs/custom_msgs/action/detail/maps_distance__rosidl_typesupport_introspection_c.h
[9.905s] -- Symlinking: /home/krri/Motor-Controller-CAN/ros2_ws/install/custom_msgs/include/custom_msgs/custom_msgs/msg/detail/camera_info__rosidl_typesupport_introspection_c.h
[9.913s] -- Symlinking: /home/krri/Motor-Controller-CAN/ros2_ws/install/custom_msgs/include/custom_msgs/custom_msgs/msg/detail/utm_point__rosidl_typesupport_introspection_c.h
[9.922s] -- Symlinking: /home/krri/Motor-Controller-CAN/ros2_ws/install/custom_msgs/include/custom_msgs/custom_msgs/msg/detail/wheel_rpm__rosidl_typesupport_introspection_c.h
[9.931s] -- Symlinking: /home/krri/Motor-Controller-CAN/ros2_ws/install/custom_msgs/include/custom_msgs/custom_msgs/msg/rosidl_typesupport_introspection_c__visibility_control.h
[9.939s] -- Symlinking: /home/krri/Motor-Controller-CAN/ros2_ws/install/custom_msgs/include/custom_msgs/custom_msgs/srv/detail/get_ptz_image__rosidl_typesupport_introspection_c.h
[9.948s] -- Symlinking: /home/krri/Motor-Controller-CAN/ros2_ws/install/custom_msgs/include/custom_msgs/custom_msgs/action/detail/maps_distance__rosidl_typesupport_introspection_cpp.hpp
[9.957s] -- Symlinking: /home/krri/Motor-Controller-CAN/ros2_ws/install/custom_msgs/include/custom_msgs/custom_msgs/msg/detail/camera_info__rosidl_typesupport_introspection_cpp.hpp
[9.965s] -- Symlinking: /home/krri/Motor-Controller-CAN/ros2_ws/install/custom_msgs/include/custom_msgs/custom_msgs/msg/detail/utm_point__rosidl_typesupport_introspection_cpp.hpp
[9.973s] -- Symlinking: /home/krri/Motor-Controller-CAN/ros2_ws/install/custom_msgs/include/custom_msgs/custom_msgs/msg/detail/wheel_rpm__rosidl_typesupport_introspection_cpp.hpp
[9.982s] -- Symlinking: /home/krri/Motor-Controller-CAN/ros2_ws/install/custom_msgs/include/custom_msgs/custom_msgs/srv/detail/get_ptz_image__rosidl_typesupport_introspection_cpp.hpp
[9.990s] -- Symlinking: /home/krri/Motor-Controller-CAN/ros2_ws/install/custom_msgs/share/custom_msgs/environment/pythonpath.sh
[9.999s] -- Symlinking: /home/krri/Motor-Controller-CAN/ros2_ws/install/custom_msgs/share/custom_msgs/environment/pythonpath.dsv
[10.008s] -- Symlinking: /home/krri/Motor-Controller-CAN/ros2_ws/install/custom_msgs/local/lib/python3.10/dist-packages/custom_msgs-0.0.0-py3.10.egg-info/PKG-INFO
[10.016s] -- Symlinking: /home/krri/Motor-Controller-CAN/ros2_ws/install/custom_msgs/local/lib/python3.10/dist-packages/custom_msgs-0.0.0-py3.10.egg-info/SOURCES.txt
[10.024s] -- Symlinking: /home/krri/Motor-Controller-CAN/ros2_ws/install/custom_msgs/local/lib/python3.10/dist-packages/custom_msgs-0.0.0-py3.10.egg-info/dependency_links.txt
[10.033s] -- Symlinking: /home/krri/Motor-Controller-CAN/ros2_ws/install/custom_msgs/local/lib/python3.10/dist-packages/custom_msgs-0.0.0-py3.10.egg-info/top_level.txt
[10.042s] -- Symlinking: /home/krri/Motor-Controller-CAN/ros2_ws/install/custom_msgs/local/lib/python3.10/dist-packages/custom_msgs/__init__.py
[10.051s] -- Symlinking: /home/krri/Motor-Controller-CAN/ros2_ws/install/custom_msgs/local/lib/python3.10/dist-packages/custom_msgs/_custom_msgs_s.ep.rosidl_typesupport_c.c
[10.059s] -- Symlinking: /home/krri/Motor-Controller-CAN/ros2_ws/install/custom_msgs/local/lib/python3.10/dist-packages/custom_msgs/_custom_msgs_s.ep.rosidl_typesupport_fastrtps_c.c
[10.068s] -- Symlinking: /home/krri/Motor-Controller-CAN/ros2_ws/install/custom_msgs/local/lib/python3.10/dist-packages/custom_msgs/_custom_msgs_s.ep.rosidl_typesupport_introspection_c.c
[10.076s] -- Symlinking: /home/krri/Motor-Controller-CAN/ros2_ws/install/custom_msgs/local/lib/python3.10/dist-packages/custom_msgs/action/__init__.py
[10.085s] -- Symlinking: /home/krri/Motor-Controller-CAN/ros2_ws/install/custom_msgs/local/lib/python3.10/dist-packages/custom_msgs/action/_maps_distance.py
[10.093s] -- Symlinking: /home/krri/Motor-Controller-CAN/ros2_ws/install/custom_msgs/local/lib/python3.10/dist-packages/custom_msgs/action/_maps_distance_s.c
[10.101s] -- Symlinking: /home/krri/Motor-Controller-CAN/ros2_ws/install/custom_msgs/local/lib/python3.10/dist-packages/custom_msgs/custom_msgs_s__rosidl_typesupport_c.cpython-310-x86_64-linux-gnu.so
[10.110s] -- Symlinking: /home/krri/Motor-Controller-CAN/ros2_ws/install/custom_msgs/local/lib/python3.10/dist-packages/custom_msgs/custom_msgs_s__rosidl_typesupport_fastrtps_c.cpython-310-x86_64-linux-gnu.so
[10.119s] -- Symlinking: /home/krri/Motor-Controller-CAN/ros2_ws/install/custom_msgs/local/lib/python3.10/dist-packages/custom_msgs/custom_msgs_s__rosidl_typesupport_introspection_c.cpython-310-x86_64-linux-gnu.so
[10.127s] -- Symlinking: /home/krri/Motor-Controller-CAN/ros2_ws/install/custom_msgs/local/lib/python3.10/dist-packages/custom_msgs/libcustom_msgs__rosidl_generator_py.so
[10.136s] -- Symlinking: /home/krri/Motor-Controller-CAN/ros2_ws/install/custom_msgs/local/lib/python3.10/dist-packages/custom_msgs/msg/__init__.py
[10.144s] -- Symlinking: /home/krri/Motor-Controller-CAN/ros2_ws/install/custom_msgs/local/lib/python3.10/dist-packages/custom_msgs/msg/_camera_info.py
[10.153s] -- Symlinking: /home/krri/Motor-Controller-CAN/ros2_ws/install/custom_msgs/local/lib/python3.10/dist-packages/custom_msgs/msg/_camera_info_s.c
[10.161s] -- Symlinking: /home/krri/Motor-Controller-CAN/ros2_ws/install/custom_msgs/local/lib/python3.10/dist-packages/custom_msgs/msg/_utm_point.py
[10.170s] -- Symlinking: /home/krri/Motor-Controller-CAN/ros2_ws/install/custom_msgs/local/lib/python3.10/dist-packages/custom_msgs/msg/_utm_point_s.c
[10.178s] -- Symlinking: /home/krri/Motor-Controller-CAN/ros2_ws/install/custom_msgs/local/lib/python3.10/dist-packages/custom_msgs/msg/_wheel_rpm.py
[10.187s] -- Symlinking: /home/krri/Motor-Controller-CAN/ros2_ws/install/custom_msgs/local/lib/python3.10/dist-packages/custom_msgs/msg/_wheel_rpm_s.c
[10.195s] -- Symlinking: /home/krri/Motor-Controller-CAN/ros2_ws/install/custom_msgs/local/lib/python3.10/dist-packages/custom_msgs/srv/__init__.py
[10.204s] -- Symlinking: /home/krri/Motor-Controller-CAN/ros2_ws/install/custom_msgs/local/lib/python3.10/dist-packages/custom_msgs/srv/_get_ptz_image.py
[10.212s] -- Symlinking: /home/krri/Motor-Controller-CAN/ros2_ws/install/custom_msgs/local/lib/python3.10/dist-packages/custom_msgs/srv/_get_ptz_image_s.c
[10.221s] -- Up-to-date symlink: /home/krri/Motor-Controller-CAN/ros2_ws/install/custom_msgs/local/lib/python3.10/dist-packages/custom_msgs/custom_msgs_s__rosidl_typesupport_fastrtps_c.cpython-310-x86_64-linux-gnu.so
[10.221s] -- Up-to-date symlink: /home/krri/Motor-Controller-CAN/ros2_ws/install/custom_msgs/local/lib/python3.10/dist-packages/custom_msgs/custom_msgs_s__rosidl_typesupport_introspection_c.cpython-310-x86_64-linux-gnu.so
[10.222s] -- Up-to-date symlink: /home/krri/Motor-Controller-CAN/ros2_ws/install/custom_msgs/local/lib/python3.10/dist-packages/custom_msgs/custom_msgs_s__rosidl_typesupport_c.cpython-310-x86_64-linux-gnu.so
[10.222s] -- Symlinking: /home/krri/Motor-Controller-CAN/ros2_ws/install/custom_msgs/share/custom_msgs/msg/WheelRPM.idl
[10.230s] -- Symlinking: /home/krri/Motor-Controller-CAN/ros2_ws/install/custom_msgs/share/custom_msgs/msg/CameraInfo.idl
[10.239s] -- Symlinking: /home/krri/Motor-Controller-CAN/ros2_ws/install/custom_msgs/share/custom_msgs/msg/UTMPoint.idl
[10.248s] -- Symlinking: /home/krri/Motor-Controller-CAN/ros2_ws/install/custom_msgs/share/custom_msgs/srv/GetPTZImage.idl
[10.256s] -- Symlinking: /home/krri/Motor-Controller-CAN/ros2_ws/install/custom_msgs/share/custom_msgs/action/MapsDistance.idl
[10.265s] -- Symlinking: /home/krri/Motor-Controller-CAN/ros2_ws/install/custom_msgs/share/custom_msgs/msg/WheelRPM.msg
[10.273s] -- Symlinking: /home/krri/Motor-Controller-CAN/ros2_ws/install/custom_msgs/share/custom_msgs/msg/CameraInfo.msg
[10.282s] -- Symlinking: /home/krri/Motor-Controller-CAN/ros2_ws/install/custom_msgs/share/custom_msgs/msg/UTMPoint.msg
[10.290s] -- Symlinking: /home/krri/Motor-Controller-CAN/ros2_ws/install/custom_msgs/share/custom_msgs/srv/GetPTZImage.srv
[10.299s] -- Symlinking: /home/krri/Motor-Controller-CAN/ros2_ws/install/custom_msgs/share/custom_msgs/srv/GetPTZImage_Request.msg
[10.307s] -- Symlinking: /home/krri/Motor-Controller-CAN/ros2_ws/install/custom_msgs/share/custom_msgs/srv/GetPTZImage_Response.msg
[10.316s] -- Symlinking: /home/krri/Motor-Controller-CAN/ros2_ws/install/custom_msgs/share/custom_msgs/action/MapsDistance.action
[10.325s] -- Symlinking: /home/krri/Motor-Controller-CAN/ros2_ws/install/custom_msgs/share/ament_index/resource_index/package_run_dependencies/custom_msgs
[10.333s] -- Symlinking: /home/krri/Motor-Controller-CAN/ros2_ws/install/custom_msgs/share/ament_index/resource_index/parent_prefix_path/custom_msgs
[10.342s] -- Symlinking: /home/krri/Motor-Controller-CAN/ros2_ws/install/custom_msgs/share/custom_msgs/environment/ament_prefix_path.sh
[10.351s] -- Symlinking: /home/krri/Motor-Controller-CAN/ros2_ws/install/custom_msgs/share/custom_msgs/environment/ament_prefix_path.dsv
[10.361s] -- Symlinking: /home/krri/Motor-Controller-CAN/ros2_ws/install/custom_msgs/share/custom_msgs/environment/path.sh
[10.370s] -- Symlinking: /home/krri/Motor-Controller-CAN/ros2_ws/install/custom_msgs/share/custom_msgs/environment/path.dsv
[10.378s] -- Symlinking: /home/krri/Motor-Controller-CAN/ros2_ws/install/custom_msgs/share/custom_msgs/local_setup.bash
[10.387s] -- Symlinking: /home/krri/Motor-Controller-CAN/ros2_ws/install/custom_msgs/share/custom_msgs/local_setup.sh
[10.395s] -- Symlinking: /home/krri/Motor-Controller-CAN/ros2_ws/install/custom_msgs/share/custom_msgs/local_setup.zsh
[10.404s] -- Symlinking: /home/krri/Motor-Controller-CAN/ros2_ws/install/custom_msgs/share/custom_msgs/local_setup.dsv
[10.412s] -- Symlinking: /home/krri/Motor-Controller-CAN/ros2_ws/install/custom_msgs/share/custom_msgs/package.dsv
[10.421s] -- Symlinking: /home/krri/Motor-Controller-CAN/ros2_ws/install/custom_msgs/share/ament_index/resource_index/packages/custom_msgs
[10.429s] -- Symlinking: /home/krri/Motor-Controller-CAN/ros2_ws/install/custom_msgs/share/custom_msgs/cmake/rosidl_cmake-extras.cmake
[10.438s] -- Symlinking: /home/krri/Motor-Controller-CAN/ros2_ws/install/custom_msgs/share/custom_msgs/cmake/ament_cmake_export_dependencies-extras.cmake
[10.446s] -- Symlinking: /home/krri/Motor-Controller-CAN/ros2_ws/install/custom_msgs/share/custom_msgs/cmake/ament_cmake_export_include_directories-extras.cmake
[10.455s] -- Symlinking: /home/krri/Motor-Controller-CAN/ros2_ws/install/custom_msgs/share/custom_msgs/cmake/ament_cmake_export_libraries-extras.cmake
[10.463s] -- Symlinking: /home/krri/Motor-Controller-CAN/ros2_ws/install/custom_msgs/share/custom_msgs/cmake/ament_cmake_export_targets-extras.cmake
[10.472s] -- Symlinking: /home/krri/Motor-Controller-CAN/ros2_ws/install/custom_msgs/share/custom_msgs/cmake/rosidl_cmake_export_typesupport_targets-extras.cmake
[10.480s] -- Symlinking: /home/krri/Motor-Controller-CAN/ros2_ws/install/custom_msgs/share/custom_msgs/cmake/rosidl_cmake_export_typesupport_libraries-extras.cmake
[10.489s] -- Symlinking: /home/krri/Motor-Controller-CAN/ros2_ws/install/custom_msgs/share/custom_msgs/cmake/custom_msgsConfig.cmake
[10.497s] -- Symlinking: /home/krri/Motor-Controller-CAN/ros2_ws/install/custom_msgs/share/custom_msgs/cmake/custom_msgsConfig-version.cmake
[10.506s] -- Symlinking: /home/krri/Motor-Controller-CAN/ros2_ws/install/custom_msgs/share/custom_msgs/package.xml
[10.514s] -- Installing: /home/krri/Motor-Controller-CAN/ros2_ws/install/custom_msgs/lib/libcustom_msgs__rosidl_generator_c.so
[10.515s] -- Set runtime path of "/home/krri/Motor-Controller-CAN/ros2_ws/install/custom_msgs/lib/libcustom_msgs__rosidl_generator_c.so" to ""
[10.515s] -- Installing: /home/krri/Motor-Controller-CAN/ros2_ws/install/custom_msgs/lib/libcustom_msgs__rosidl_typesupport_fastrtps_c.so
[10.515s] -- Set runtime path of "/home/krri/Motor-Controller-CAN/ros2_ws/install/custom_msgs/lib/libcustom_msgs__rosidl_typesupport_fastrtps_c.so" to ""
[10.516s] -- Installing: /home/krri/Motor-Controller-CAN/ros2_ws/install/custom_msgs/lib/libcustom_msgs__rosidl_typesupport_fastrtps_cpp.so
[10.516s] -- Set runtime path of "/home/krri/Motor-Controller-CAN/ros2_ws/install/custom_msgs/lib/libcustom_msgs__rosidl_typesupport_fastrtps_cpp.so" to ""
[10.516s] -- Installing: /home/krri/Motor-Controller-CAN/ros2_ws/install/custom_msgs/lib/libcustom_msgs__rosidl_typesupport_introspection_c.so
[10.517s] -- Set runtime path of "/home/krri/Motor-Controller-CAN/ros2_ws/install/custom_msgs/lib/libcustom_msgs__rosidl_typesupport_introspection_c.so" to ""
[10.517s] -- Installing: /home/krri/Motor-Controller-CAN/ros2_ws/install/custom_msgs/lib/libcustom_msgs__rosidl_typesupport_c.so
[10.517s] -- Set runtime path of "/home/krri/Motor-Controller-CAN/ros2_ws/install/custom_msgs/lib/libcustom_msgs__rosidl_typesupport_c.so" to ""
[10.517s] -- Installing: /home/krri/Motor-Controller-CAN/ros2_ws/install/custom_msgs/lib/libcustom_msgs__rosidl_typesupport_introspection_cpp.so
[10.518s] -- Set runtime path of "/home/krri/Motor-Controller-CAN/ros2_ws/install/custom_msgs/lib/libcustom_msgs__rosidl_typesupport_introspection_cpp.so" to ""
[10.518s] -- Installing: /home/krri/Motor-Controller-CAN/ros2_ws/install/custom_msgs/lib/libcustom_msgs__rosidl_typesupport_cpp.so
[10.518s] -- Set runtime path of "/home/krri/Motor-Controller-CAN/ros2_ws/install/custom_msgs/lib/libcustom_msgs__rosidl_typesupport_cpp.so" to ""
[10.561s] Listing '/home/krri/Motor-Controller-CAN/ros2_ws/install/custom_msgs/local/lib/python3.10/dist-packages/custom_msgs'...
[10.562s] Compiling '/home/krri/Motor-Controller-CAN/ros2_ws/install/custom_msgs/local/lib/python3.10/dist-packages/custom_msgs/__init__.py'...
[10.562s] Listing '/home/krri/Motor-Controller-CAN/ros2_ws/install/custom_msgs/local/lib/python3.10/dist-packages/custom_msgs/action'...
[10.562s] Compiling '/home/krri/Motor-Controller-CAN/ros2_ws/install/custom_msgs/local/lib/python3.10/dist-packages/custom_msgs/action/__init__.py'...
[10.562s] Compiling '/home/krri/Motor-Controller-CAN/ros2_ws/install/custom_msgs/local/lib/python3.10/dist-packages/custom_msgs/action/_maps_distance.py'...
[10.562s] Listing '/home/krri/Motor-Controller-CAN/ros2_ws/install/custom_msgs/local/lib/python3.10/dist-packages/custom_msgs/msg'...
[10.562s] Compiling '/home/krri/Motor-Controller-CAN/ros2_ws/install/custom_msgs/local/lib/python3.10/dist-packages/custom_msgs/msg/__init__.py'...
[10.562s] Compiling '/home/krri/Motor-Controller-CAN/ros2_ws/install/custom_msgs/local/lib/python3.10/dist-packages/custom_msgs/msg/_camera_info.py'...
[10.562s] Compiling '/home/krri/Motor-Controller-CAN/ros2_ws/install/custom_msgs/local/lib/python3.10/dist-packages/custom_msgs/msg/_utm_point.py'...
[10.562s] Compiling '/home/krri/Motor-Controller-CAN/ros2_ws/install/custom_msgs/local/lib/python3.10/dist-packages/custom_msgs/msg/_wheel_rpm.py'...
[10.562s] Listing '/home/krri/Motor-Controller-CAN/ros2_ws/install/custom_msgs/local/lib/python3.10/dist-packages/custom_msgs/srv'...
[10.562s] Compiling '/home/krri/Motor-Controller-CAN/ros2_ws/install/custom_msgs/local/lib/python3.10/dist-packages/custom_msgs/srv/__init__.py'...
[10.562s] Compiling '/home/krri/Motor-Controller-CAN/ros2_ws/install/custom_msgs/local/lib/python3.10/dist-packages/custom_msgs/srv/_get_ptz_image.py'...
[10.566s] -- Installing: /home/krri/Motor-Controller-CAN/ros2_ws/install/custom_msgs/lib/libcustom_msgs__rosidl_generator_py.so
[10.567s] -- Set runtime path of "/home/krri/Motor-Controller-CAN/ros2_ws/install/custom_msgs/lib/libcustom_msgs__rosidl_generator_py.so" to ""
[10.567s] -- Installing: /home/krri/Motor-Controller-CAN/ros2_ws/install/custom_msgs/share/custom_msgs/cmake/export_custom_msgs__rosidl_generator_cExport.cmake
[10.567s] -- Installing: /home/krri/Motor-Controller-CAN/ros2_ws/install/custom_msgs/share/custom_msgs/cmake/export_custom_msgs__rosidl_generator_cExport-noconfig.cmake
[10.567s] -- Installing: /home/krri/Motor-Controller-CAN/ros2_ws/install/custom_msgs/share/custom_msgs/cmake/export_custom_msgs__rosidl_typesupport_fastrtps_cExport.cmake
[10.567s] -- Installing: /home/krri/Motor-Controller-CAN/ros2_ws/install/custom_msgs/share/custom_msgs/cmake/export_custom_msgs__rosidl_typesupport_fastrtps_cExport-noconfig.cmake
[10.567s] -- Installing: /home/krri/Motor-Controller-CAN/ros2_ws/install/custom_msgs/share/custom_msgs/cmake/export_custom_msgs__rosidl_generator_cppExport.cmake
[10.568s] -- Installing: /home/krri/Motor-Controller-CAN/ros2_ws/install/custom_msgs/share/custom_msgs/cmake/export_custom_msgs__rosidl_typesupport_fastrtps_cppExport.cmake
[10.568s] -- Installing: /home/krri/Motor-Controller-CAN/ros2_ws/install/custom_msgs/share/custom_msgs/cmake/export_custom_msgs__rosidl_typesupport_fastrtps_cppExport-noconfig.cmake
[10.568s] -- Installing: /home/krri/Motor-Controller-CAN/ros2_ws/install/custom_msgs/share/custom_msgs/cmake/custom_msgs__rosidl_typesupport_introspection_cExport.cmake
[10.568s] -- Installing: /home/krri/Motor-Controller-CAN/ros2_ws/install/custom_msgs/share/custom_msgs/cmake/custom_msgs__rosidl_typesupport_introspection_cExport-noconfig.cmake
[10.568s] -- Installing: /home/krri/Motor-Controller-CAN/ros2_ws/install/custom_msgs/share/custom_msgs/cmake/custom_msgs__rosidl_typesupport_cExport.cmake
[10.568s] -- Installing: /home/krri/Motor-Controller-CAN/ros2_ws/install/custom_msgs/share/custom_msgs/cmake/custom_msgs__rosidl_typesupport_cExport-noconfig.cmake
[10.569s] -- Installing: /home/krri/Motor-Controller-CAN/ros2_ws/install/custom_msgs/share/custom_msgs/cmake/custom_msgs__rosidl_typesupport_introspection_cppExport.cmake
[10.569s] -- Installing: /home/krri/Motor-Controller-CAN/ros2_ws/install/custom_msgs/share/custom_msgs/cmake/custom_msgs__rosidl_typesupport_introspection_cppExport-noconfig.cmake
[10.569s] -- Installing: /home/krri/Motor-Controller-CAN/ros2_ws/install/custom_msgs/share/custom_msgs/cmake/custom_msgs__rosidl_typesupport_cppExport.cmake
[10.569s] -- Installing: /home/krri/Motor-Controller-CAN/ros2_ws/install/custom_msgs/share/custom_msgs/cmake/custom_msgs__rosidl_typesupport_cppExport-noconfig.cmake
[10.569s] -- Installing: /home/krri/Motor-Controller-CAN/ros2_ws/install/custom_msgs/share/custom_msgs/cmake/export_custom_msgs__rosidl_generator_pyExport.cmake
[10.569s] -- Installing: /home/krri/Motor-Controller-CAN/ros2_ws/install/custom_msgs/share/custom_msgs/cmake/export_custom_msgs__rosidl_generator_pyExport-noconfig.cmake
[10.572s] Invoked command in '/home/krri/Motor-Controller-CAN/ros2_ws/build/custom_msgs' returned '0': CMAKE_PREFIX_PATH=/home/krri/Motor-Controller-CAN/ros2_ws/install/can_test:/opt/ros/humble /usr/bin/cmake --install /home/krri/Motor-Controller-CAN/ros2_ws/build/custom_msgs
